#
# There is insufficient memory for the Java Runtime Environment to continue.
# Native memory allocation (malloc) failed to allocate 32744 bytes for Chunk::new
# Possible reasons:
#   The system is out of physical RAM or swap space
#   The process is running with CompressedOops enabled, and the Java Heap may be blocking the growth of the native heap
# Possible solutions:
#   Reduce memory load on the system
#   Increase physical memory or swap space
#   Check if swap backing store is full
#   Decrease Java heap size (-Xmx/-Xms)
#   Decrease number of Java threads
#   Decrease Java thread stack sizes (-Xss)
#   Set larger code cache with -XX:ReservedCodeCacheSize=
#   JVM is running with Unscaled Compressed Oops mode in which the Java heap is
#     placed in the first 4GB address space. The Java Heap base address is the
#     maximum limit for the native heap growth. Please use -XX:HeapBaseMinAddress
#     to set the Java Heap base and to place the Java Heap above 4GB virtual address.
# This output file may be truncated or incomplete.
#
#  Out of Memory Error (arena.cpp:168), pid=2128, tid=10964
#
# JRE version: Java(TM) SE Runtime Environment (21.0.1+12) (build 21.0.1+12-LTS-29)
# Java VM: Java HotSpot(TM) 64-Bit Server VM (21.0.1+12-LTS-29, mixed mode, tiered, compressed oops, compressed class ptrs, g1 gc, windows-amd64)
# No core dump will be written. Minidumps are not enabled by default on client versions of Windows
#

---------------  S U M M A R Y ------------

Command Line: -Xmx64m -Xms64m -Dorg.gradle.appname=gradlew org.gradle.wrapper.GradleWrapperMain run

Host: Intel(R) Celeron(R) N4020 CPU @ 1.10GHz, 2 cores, 3G,  Windows 11 , 64 bit Build 22621 (10.0.22621.3527)
Time: Mon May 20 12:26:45 2024 Malay Peninsula Standard Time elapsed time: 0.261405 seconds (0d 0h 0m 0s)

---------------  T H R E A D  ---------------

Current thread (0x00000216001e82d0):  JavaThread "C1 CompilerThread0" daemon [_thread_in_native, id=10964, stack(0x000000fc3fd00000,0x000000fc3fe00000) (1024K)]


Current CompileTask:
C1:    261    1       3       java.lang.String::charAt (25 bytes)

Stack: [0x000000fc3fd00000,0x000000fc3fe00000]
Native frames: (J=compiled Java code, j=interpreted, Vv=VM code, C=native code)
V  [jvm.dll+0x6c9029]
V  [jvm.dll+0x854b81]
V  [jvm.dll+0x856e5e]
V  [jvm.dll+0x857543]
V  [jvm.dll+0x280c06]
V  [jvm.dll+0xc3ead]
V  [jvm.dll+0xc43c3]
V  [jvm.dll+0x18b0b7]
V  [jvm.dll+0x189510]
V  [jvm.dll+0x183c72]
V  [jvm.dll+0x17dd1e]
V  [jvm.dll+0x16be20]
V  [jvm.dll+0x1546c7]
V  [jvm.dll+0x154008]
V  [jvm.dll+0x154244]
V  [jvm.dll+0x153686]
V  [jvm.dll+0x1553ed]
V  [jvm.dll+0x2586b9]
V  [jvm.dll+0x256c9a]
V  [jvm.dll+0x3ef1b6]
V  [jvm.dll+0x7fd728]
V  [jvm.dll+0x6c777d]
C  [ucrtbase.dll+0x29333]
C  [KERNEL32.DLL+0x1257d]
C  [ntdll.dll+0x5aa48]


---------------  P R O C E S S  ---------------

Threads class SMR info:
_java_thread_list=0x00000216001c4550, length=9, elements={
0x000002165ef76fe0, 0x00000216001d7770, 0x00000216001d8df0, 0x00000216001c11a0,
0x00000216001c1810, 0x00000216001c5ea0, 0x00000216001caa50, 0x00000216001e2710,
0x00000216001e82d0
}

Java Threads: ( => current thread )
  0x000002165ef76fe0 JavaThread "main"                              [_thread_in_vm, id=11764, stack(0x000000fc3ee00000,0x000000fc3ef00000) (1024K)]
  0x00000216001d7770 JavaThread "Reference Handler"          daemon [_thread_blocked, id=7764, stack(0x000000fc3f600000,0x000000fc3f700000) (1024K)]
  0x00000216001d8df0 JavaThread "Finalizer"                  daemon [_thread_blocked, id=8244, stack(0x000000fc3f700000,0x000000fc3f800000) (1024K)]
  0x00000216001c11a0 JavaThread "Signal Dispatcher"          daemon [_thread_blocked, id=6180, stack(0x000000fc3f800000,0x000000fc3f900000) (1024K)]
  0x00000216001c1810 JavaThread "Attach Listener"            daemon [_thread_blocked, id=6504, stack(0x000000fc3f900000,0x000000fc3fa00000) (1024K)]
  0x00000216001c5ea0 JavaThread "Service Thread"             daemon [_thread_blocked, id=6012, stack(0x000000fc3fa00000,0x000000fc3fb00000) (1024K)]
  0x00000216001caa50 JavaThread "Monitor Deflation Thread"   daemon [_thread_blocked, id=6456, stack(0x000000fc3fb00000,0x000000fc3fc00000) (1024K)]
  0x00000216001e2710 JavaThread "C2 CompilerThread0"         daemon [_thread_blocked, id=4304, stack(0x000000fc3fc00000,0x000000fc3fd00000) (1024K)]
=>0x00000216001e82d0 JavaThread "C1 CompilerThread0"         daemon [_thread_in_native, id=10964, stack(0x000000fc3fd00000,0x000000fc3fe00000) (1024K)]
Total: 9

Other Threads:
  0x000002160016f9d0 VMThread "VM Thread"                           [id=6768, stack(0x000000fc3f500000,0x000000fc3f600000) (1024K)]
  0x000002165f212bb0 WatcherThread "VM Periodic Task Thread"        [id=11672, stack(0x000000fc3f400000,0x000000fc3f500000) (1024K)]
  0x000002165f170aa0 WorkerThread "GC Thread#0"                     [id=12592, stack(0x000000fc3ef00000,0x000000fc3f000000) (1024K)]
  0x000002165f172180 ConcurrentGCThread "G1 Main Marker"            [id=8136, stack(0x000000fc3f000000,0x000000fc3f100000) (1024K)]
  0x000002165f172d30 WorkerThread "G1 Conc#0"                       [id=12948, stack(0x000000fc3f100000,0x000000fc3f200000) (1024K)]
  0x000002165f1bf220 ConcurrentGCThread "G1 Refine#0"               [id=8696, stack(0x000000fc3f200000,0x000000fc3f300000) (1024K)]
  0x000002165f1c28c0 ConcurrentGCThread "G1 Service"                [id=9168, stack(0x000000fc3f300000,0x000000fc3f400000) (1024K)]
Total: 7

Threads with active compile tasks:
C1 CompilerThread0      301    1       3       java.lang.String::charAt (25 bytes)
Total: 1

VM state: not at safepoint (normal execution)

VM Mutex/Monitor currently owned by a thread: None

Heap address: 0x00000000fc000000, size: 64 MB, Compressed Oops mode: 32-bit

CDS archive(s) not mapped
Compressed class space mapped at: 0x0000000100000000-0x0000000140000000, reserved size: 1073741824
Narrow klass base: 0x0000000000000000, Narrow klass shift: 3, Narrow klass range: 0x140000000

GC Precious Log:
 CardTable entry size: 512
 Card Set container configuration: InlinePtr #cards 5 size 8 Array Of Cards #cards 12 size 40 Howl #buckets 4 coarsen threshold 1843 Howl Bitmap #cards 512 size 80 coarsen threshold 460 Card regions per heap region 1 cards per card region 2048
 CPUs: 2 total, 2 available
 Memory: 3918M
 Large Page Support: Disabled
 NUMA Support: Disabled
 Compressed Oops: Enabled (32-bit)
 Heap Region Size: 1M
 Heap Min Capacity: 64M
 Heap Initial Capacity: 64M
 Heap Max Capacity: 64M
 Pre-touch: Disabled
 Parallel Workers: 2
 Concurrent Workers: 1
 Concurrent Refinement Workers: 2
 Periodic GC: Disabled

Heap:
 garbage-first heap   total 65536K, used 0K [0x00000000fc000000, 0x0000000100000000)
  region size 1024K, 1 young (1024K), 0 survivors (0K)
 Metaspace       used 3784K, committed 3840K, reserved 1114112K
  class space    used 289K, committed 320K, reserved 1048576K

Heap Regions: E=young(eden), S=young(survivor), O=old, HS=humongous(starts), HC=humongous(continues), CS=collection set, F=free, TAMS=top-at-mark-start, PB=parsable bottom
|   0|0x00000000fc000000, 0x00000000fc000000, 0x00000000fc100000|  0%| F|  |TAMS 0x00000000fc000000| PB 0x00000000fc000000| Untracked 
|   1|0x00000000fc100000, 0x00000000fc100000, 0x00000000fc200000|  0%| F|  |TAMS 0x00000000fc100000| PB 0x00000000fc100000| Untracked 
|   2|0x00000000fc200000, 0x00000000fc200000, 0x00000000fc300000|  0%| F|  |TAMS 0x00000000fc200000| PB 0x00000000fc200000| Untracked 
|   3|0x00000000fc300000, 0x00000000fc300000, 0x00000000fc400000|  0%| F|  |TAMS 0x00000000fc300000| PB 0x00000000fc300000| Untracked 
|   4|0x00000000fc400000, 0x00000000fc400000, 0x00000000fc500000|  0%| F|  |TAMS 0x00000000fc400000| PB 0x00000000fc400000| Untracked 
|   5|0x00000000fc500000, 0x00000000fc500000, 0x00000000fc600000|  0%| F|  |TAMS 0x00000000fc500000| PB 0x00000000fc500000| Untracked 
|   6|0x00000000fc600000, 0x00000000fc600000, 0x00000000fc700000|  0%| F|  |TAMS 0x00000000fc600000| PB 0x00000000fc600000| Untracked 
|   7|0x00000000fc700000, 0x00000000fc700000, 0x00000000fc800000|  0%| F|  |TAMS 0x00000000fc700000| PB 0x00000000fc700000| Untracked 
|   8|0x00000000fc800000, 0x00000000fc800000, 0x00000000fc900000|  0%| F|  |TAMS 0x00000000fc800000| PB 0x00000000fc800000| Untracked 
|   9|0x00000000fc900000, 0x00000000fc900000, 0x00000000fca00000|  0%| F|  |TAMS 0x00000000fc900000| PB 0x00000000fc900000| Untracked 
|  10|0x00000000fca00000, 0x00000000fca00000, 0x00000000fcb00000|  0%| F|  |TAMS 0x00000000fca00000| PB 0x00000000fca00000| Untracked 
|  11|0x00000000fcb00000, 0x00000000fcb00000, 0x00000000fcc00000|  0%| F|  |TAMS 0x00000000fcb00000| PB 0x00000000fcb00000| Untracked 
|  12|0x00000000fcc00000, 0x00000000fcc00000, 0x00000000fcd00000|  0%| F|  |TAMS 0x00000000fcc00000| PB 0x00000000fcc00000| Untracked 
|  13|0x00000000fcd00000, 0x00000000fcd00000, 0x00000000fce00000|  0%| F|  |TAMS 0x00000000fcd00000| PB 0x00000000fcd00000| Untracked 
|  14|0x00000000fce00000, 0x00000000fce00000, 0x00000000fcf00000|  0%| F|  |TAMS 0x00000000fce00000| PB 0x00000000fce00000| Untracked 
|  15|0x00000000fcf00000, 0x00000000fcf00000, 0x00000000fd000000|  0%| F|  |TAMS 0x00000000fcf00000| PB 0x00000000fcf00000| Untracked 
|  16|0x00000000fd000000, 0x00000000fd000000, 0x00000000fd100000|  0%| F|  |TAMS 0x00000000fd000000| PB 0x00000000fd000000| Untracked 
|  17|0x00000000fd100000, 0x00000000fd100000, 0x00000000fd200000|  0%| F|  |TAMS 0x00000000fd100000| PB 0x00000000fd100000| Untracked 
|  18|0x00000000fd200000, 0x00000000fd200000, 0x00000000fd300000|  0%| F|  |TAMS 0x00000000fd200000| PB 0x00000000fd200000| Untracked 
|  19|0x00000000fd300000, 0x00000000fd300000, 0x00000000fd400000|  0%| F|  |TAMS 0x00000000fd300000| PB 0x00000000fd300000| Untracked 
|  20|0x00000000fd400000, 0x00000000fd400000, 0x00000000fd500000|  0%| F|  |TAMS 0x00000000fd400000| PB 0x00000000fd400000| Untracked 
|  21|0x00000000fd500000, 0x00000000fd500000, 0x00000000fd600000|  0%| F|  |TAMS 0x00000000fd500000| PB 0x00000000fd500000| Untracked 
|  22|0x00000000fd600000, 0x00000000fd600000, 0x00000000fd700000|  0%| F|  |TAMS 0x00000000fd600000| PB 0x00000000fd600000| Untracked 
|  23|0x00000000fd700000, 0x00000000fd700000, 0x00000000fd800000|  0%| F|  |TAMS 0x00000000fd700000| PB 0x00000000fd700000| Untracked 
|  24|0x00000000fd800000, 0x00000000fd800000, 0x00000000fd900000|  0%| F|  |TAMS 0x00000000fd800000| PB 0x00000000fd800000| Untracked 
|  25|0x00000000fd900000, 0x00000000fd900000, 0x00000000fda00000|  0%| F|  |TAMS 0x00000000fd900000| PB 0x00000000fd900000| Untracked 
|  26|0x00000000fda00000, 0x00000000fda00000, 0x00000000fdb00000|  0%| F|  |TAMS 0x00000000fda00000| PB 0x00000000fda00000| Untracked 
|  27|0x00000000fdb00000, 0x00000000fdb00000, 0x00000000fdc00000|  0%| F|  |TAMS 0x00000000fdb00000| PB 0x00000000fdb00000| Untracked 
|  28|0x00000000fdc00000, 0x00000000fdc00000, 0x00000000fdd00000|  0%| F|  |TAMS 0x00000000fdc00000| PB 0x00000000fdc00000| Untracked 
|  29|0x00000000fdd00000, 0x00000000fdd00000, 0x00000000fde00000|  0%| F|  |TAMS 0x00000000fdd00000| PB 0x00000000fdd00000| Untracked 
|  30|0x00000000fde00000, 0x00000000fde00000, 0x00000000fdf00000|  0%| F|  |TAMS 0x00000000fde00000| PB 0x00000000fde00000| Untracked 
|  31|0x00000000fdf00000, 0x00000000fdf00000, 0x00000000fe000000|  0%| F|  |TAMS 0x00000000fdf00000| PB 0x00000000fdf00000| Untracked 
|  32|0x00000000fe000000, 0x00000000fe000000, 0x00000000fe100000|  0%| F|  |TAMS 0x00000000fe000000| PB 0x00000000fe000000| Untracked 
|  33|0x00000000fe100000, 0x00000000fe100000, 0x00000000fe200000|  0%| F|  |TAMS 0x00000000fe100000| PB 0x00000000fe100000| Untracked 
|  34|0x00000000fe200000, 0x00000000fe200000, 0x00000000fe300000|  0%| F|  |TAMS 0x00000000fe200000| PB 0x00000000fe200000| Untracked 
|  35|0x00000000fe300000, 0x00000000fe300000, 0x00000000fe400000|  0%| F|  |TAMS 0x00000000fe300000| PB 0x00000000fe300000| Untracked 
|  36|0x00000000fe400000, 0x00000000fe400000, 0x00000000fe500000|  0%| F|  |TAMS 0x00000000fe400000| PB 0x00000000fe400000| Untracked 
|  37|0x00000000fe500000, 0x00000000fe500000, 0x00000000fe600000|  0%| F|  |TAMS 0x00000000fe500000| PB 0x00000000fe500000| Untracked 
|  38|0x00000000fe600000, 0x00000000fe600000, 0x00000000fe700000|  0%| F|  |TAMS 0x00000000fe600000| PB 0x00000000fe600000| Untracked 
|  39|0x00000000fe700000, 0x00000000fe700000, 0x00000000fe800000|  0%| F|  |TAMS 0x00000000fe700000| PB 0x00000000fe700000| Untracked 
|  40|0x00000000fe800000, 0x00000000fe800000, 0x00000000fe900000|  0%| F|  |TAMS 0x00000000fe800000| PB 0x00000000fe800000| Untracked 
|  41|0x00000000fe900000, 0x00000000fe900000, 0x00000000fea00000|  0%| F|  |TAMS 0x00000000fe900000| PB 0x00000000fe900000| Untracked 
|  42|0x00000000fea00000, 0x00000000fea00000, 0x00000000feb00000|  0%| F|  |TAMS 0x00000000fea00000| PB 0x00000000fea00000| Untracked 
|  43|0x00000000feb00000, 0x00000000feb00000, 0x00000000fec00000|  0%| F|  |TAMS 0x00000000feb00000| PB 0x00000000feb00000| Untracked 
|  44|0x00000000fec00000, 0x00000000fec00000, 0x00000000fed00000|  0%| F|  |TAMS 0x00000000fec00000| PB 0x00000000fec00000| Untracked 
|  45|0x00000000fed00000, 0x00000000fed00000, 0x00000000fee00000|  0%| F|  |TAMS 0x00000000fed00000| PB 0x00000000fed00000| Untracked 
|  46|0x00000000fee00000, 0x00000000fee00000, 0x00000000fef00000|  0%| F|  |TAMS 0x00000000fee00000| PB 0x00000000fee00000| Untracked 
|  47|0x00000000fef00000, 0x00000000fef00000, 0x00000000ff000000|  0%| F|  |TAMS 0x00000000fef00000| PB 0x00000000fef00000| Untracked 
|  48|0x00000000ff000000, 0x00000000ff000000, 0x00000000ff100000|  0%| F|  |TAMS 0x00000000ff000000| PB 0x00000000ff000000| Untracked 
|  49|0x00000000ff100000, 0x00000000ff100000, 0x00000000ff200000|  0%| F|  |TAMS 0x00000000ff100000| PB 0x00000000ff100000| Untracked 
|  50|0x00000000ff200000, 0x00000000ff200000, 0x00000000ff300000|  0%| F|  |TAMS 0x00000000ff200000| PB 0x00000000ff200000| Untracked 
|  51|0x00000000ff300000, 0x00000000ff300000, 0x00000000ff400000|  0%| F|  |TAMS 0x00000000ff300000| PB 0x00000000ff300000| Untracked 
|  52|0x00000000ff400000, 0x00000000ff400000, 0x00000000ff500000|  0%| F|  |TAMS 0x00000000ff400000| PB 0x00000000ff400000| Untracked 
|  53|0x00000000ff500000, 0x00000000ff500000, 0x00000000ff600000|  0%| F|  |TAMS 0x00000000ff500000| PB 0x00000000ff500000| Untracked 
|  54|0x00000000ff600000, 0x00000000ff600000, 0x00000000ff700000|  0%| F|  |TAMS 0x00000000ff600000| PB 0x00000000ff600000| Untracked 
|  55|0x00000000ff700000, 0x00000000ff700000, 0x00000000ff800000|  0%| F|  |TAMS 0x00000000ff700000| PB 0x00000000ff700000| Untracked 
|  56|0x00000000ff800000, 0x00000000ff800000, 0x00000000ff900000|  0%| F|  |TAMS 0x00000000ff800000| PB 0x00000000ff800000| Untracked 
|  57|0x00000000ff900000, 0x00000000ff900000, 0x00000000ffa00000|  0%| F|  |TAMS 0x00000000ff900000| PB 0x00000000ff900000| Untracked 
|  58|0x00000000ffa00000, 0x00000000ffa00000, 0x00000000ffb00000|  0%| F|  |TAMS 0x00000000ffa00000| PB 0x00000000ffa00000| Untracked 
|  59|0x00000000ffb00000, 0x00000000ffb00000, 0x00000000ffc00000|  0%| F|  |TAMS 0x00000000ffb00000| PB 0x00000000ffb00000| Untracked 
|  60|0x00000000ffc00000, 0x00000000ffc00000, 0x00000000ffd00000|  0%| F|  |TAMS 0x00000000ffc00000| PB 0x00000000ffc00000| Untracked 
|  61|0x00000000ffd00000, 0x00000000ffd00000, 0x00000000ffe00000|  0%| F|  |TAMS 0x00000000ffd00000| PB 0x00000000ffd00000| Untracked 
|  62|0x00000000ffe00000, 0x00000000ffe00000, 0x00000000fff00000|  0%| F|  |TAMS 0x00000000ffe00000| PB 0x00000000ffe00000| Untracked 
|  63|0x00000000fff00000, 0x00000000fffa1b40, 0x0000000100000000| 63%| E|  |TAMS 0x00000000fff00000| PB 0x00000000fff00000| Complete 

Card table byte_map: [0x0000021678190000,0x00000216781b0000] _byte_map_base: 0x00000216779b0000

Marking Bits: (CMBitMap*) 0x000002165f1710a0
 Bits: [0x00000216781b0000, 0x00000216782b0000)

Polling page: 0x000002165ef20000

Metaspace:

Usage:
  Non-class:      3.41 MB used.
      Class:    289.32 KB used.
       Both:      3.70 MB used.

Virtual space:
  Non-class space:       64.00 MB reserved,       3.44 MB (  5%) committed,  1 nodes.
      Class space:        1.00 GB reserved,     320.00 KB ( <1%) committed,  1 nodes.
             Both:        1.06 GB reserved,       3.75 MB ( <1%) committed. 

Chunk freelists:
   Non-Class:  12.00 MB
       Class:  15.62 MB
        Both:  27.62 MB

MaxMetaspaceSize: unlimited
CompressedClassSpaceSize: 1.00 GB
Initial GC threshold: 21.00 MB
Current GC threshold: 21.00 MB
CDS: off
 - commit_granule_bytes: 65536.
 - commit_granule_words: 8192.
 - virtual_space_node_default_size: 8388608.
 - enlarge_chunks_in_place: 1.
 - use_allocation_guard: 0.


Internal statistics:

num_allocs_failed_limit: 0.
num_arena_births: 2.
num_arena_deaths: 0.
num_vsnodes_births: 2.
num_vsnodes_deaths: 0.
num_space_committed: 60.
num_space_uncommitted: 0.
num_chunks_returned_to_freelist: 0.
num_chunks_taken_from_freelist: 4.
num_chunk_merges: 0.
num_chunk_splits: 2.
num_chunks_enlarged: 0.
num_inconsistent_stats: 0.

CodeHeap 'non-profiled nmethods': size=120064Kb used=0Kb max_used=0Kb free=120064Kb
 bounds [0x0000021670830000, 0x0000021670aa0000, 0x0000021677d70000]
CodeHeap 'profiled nmethods': size=120000Kb used=0Kb max_used=0Kb free=120000Kb
 bounds [0x0000021668d70000, 0x0000021668fe0000, 0x00000216702a0000]
CodeHeap 'non-nmethods': size=5696Kb used=1150Kb max_used=1150Kb free=4545Kb
 bounds [0x00000216702a0000, 0x0000021670510000, 0x0000021670830000]
 total_blobs=289 nmethods=0 adapters=196
 compilation: enabled
              stopped_count=0, restarted_count=0
 full_count=0

Compilation events (1 events):
Event: 0.165 Thread 0x00000216001e82d0    1       3       java.lang.String::charAt (25 bytes)

GC Heap History (0 events):
No events

Dll operation events (2 events):
Event: 0.012 Loaded shared library C:\Program Files\Java\jdk-21\bin\java.dll
Event: 0.164 Loaded shared library C:\Program Files\Java\jdk-21\bin\jsvml.dll

Deoptimization events (0 events):
No events

Classes loaded (20 events):
Event: 0.160 Loading class java/util/concurrent/locks/Condition done
Event: 0.160 Loading class java/util/concurrent/locks/AbstractQueuedSynchronizer$ConditionObject done
Event: 0.160 Loading class java/util/Collections
Event: 0.160 Loading class jdk/internal/misc/Blocker
Event: 0.161 Loading class java/util/Collections done
Event: 0.161 Loading class jdk/internal/misc/Blocker done
Event: 0.161 Loading class java/util/Collections$EmptySet
Event: 0.161 Loading class java/util/Collections$EmptySet done
Event: 0.161 Loading class java/util/Collections$EmptyList
Event: 0.161 Loading class java/util/Collections$EmptyList done
Event: 0.161 Loading class java/util/Collections$EmptyMap
Event: 0.161 Loading class java/util/Collections$EmptyMap done
Event: 0.161 Loading class java/lang/IllegalArgumentException
Event: 0.161 Loading class java/lang/IllegalArgumentException done
Event: 0.163 Loading class java/lang/invoke/MethodHandleStatics
Event: 0.163 Loading class java/lang/invoke/MethodHandleStatics done
Event: 0.163 Loading class java/lang/reflect/ClassFileFormatVersion
Event: 0.164 Loading class java/lang/reflect/ClassFileFormatVersion done
Event: 0.164 Loading class sun/security/action/GetPropertyAction
Event: 0.164 Loading class sun/security/action/GetPropertyAction done

Classes unloaded (0 events):
No events

Classes redefined (0 events):
No events

Internal exceptions (0 events):
No events

ZGC Phase Switch (0 events):
No events

VM Operations (0 events):
No events

Events (9 events):
Event: 0.027 Thread 0x000002165ef76fe0 Thread added: 0x000002165ef76fe0
Event: 0.159 Thread 0x00000216001d7770 Thread added: 0x00000216001d7770
Event: 0.159 Thread 0x00000216001d8df0 Thread added: 0x00000216001d8df0
Event: 0.162 Thread 0x00000216001c11a0 Thread added: 0x00000216001c11a0
Event: 0.162 Thread 0x00000216001c1810 Thread added: 0x00000216001c1810
Event: 0.162 Thread 0x00000216001c5ea0 Thread added: 0x00000216001c5ea0
Event: 0.162 Thread 0x00000216001caa50 Thread added: 0x00000216001caa50
Event: 0.162 Thread 0x00000216001e2710 Thread added: 0x00000216001e2710
Event: 0.162 Thread 0x00000216001e82d0 Thread added: 0x00000216001e82d0


Dynamic libraries:
0x00007ff6d4a30000 - 0x00007ff6d4a40000 	C:\Program Files\Java\jdk-21\bin\java.exe
0x00007ffcd75d0000 - 0x00007ffcd77e7000 	C:\WINDOWS\SYSTEM32\ntdll.dll
0x00007ffcd63d0000 - 0x00007ffcd6494000 	C:\WINDOWS\System32\KERNEL32.DLL
0x00007ffcd4e30000 - 0x00007ffcd51d7000 	C:\WINDOWS\System32\KERNELBASE.dll
0x00007ffcd4a10000 - 0x00007ffcd4b21000 	C:\WINDOWS\System32\ucrtbase.dll
0x00007ffcc1020000 - 0x00007ffcc1039000 	C:\Program Files\Java\jdk-21\bin\jli.dll
0x00007ffcb72e0000 - 0x00007ffcb72fb000 	C:\Program Files\Java\jdk-21\bin\VCRUNTIME140.dll
0x00007ffcd5350000 - 0x00007ffcd5402000 	C:\WINDOWS\System32\ADVAPI32.dll
0x00007ffcd74e0000 - 0x00007ffcd7587000 	C:\WINDOWS\System32\msvcrt.dll
0x00007ffcd6ec0000 - 0x00007ffcd6f68000 	C:\WINDOWS\System32\sechost.dll
0x00007ffcd4b30000 - 0x00007ffcd4b58000 	C:\WINDOWS\System32\bcrypt.dll
0x00007ffcd6810000 - 0x00007ffcd6925000 	C:\WINDOWS\System32\RPCRT4.dll
0x00007ffcd6220000 - 0x00007ffcd63ce000 	C:\WINDOWS\System32\USER32.dll
0x00007ffcd4970000 - 0x00007ffcd4996000 	C:\WINDOWS\System32\win32u.dll
0x00007ffcd74b0000 - 0x00007ffcd74d9000 	C:\WINDOWS\System32\GDI32.dll
0x00007ffcd51e0000 - 0x00007ffcd52f9000 	C:\WINDOWS\System32\gdi32full.dll
0x00007ffcd4d90000 - 0x00007ffcd4e2a000 	C:\WINDOWS\System32\msvcp_win.dll
0x00007ffcc37f0000 - 0x00007ffcc3a83000 	C:\WINDOWS\WinSxS\amd64_microsoft.windows.common-controls_6595b64144ccf1df_6.0.22621.3527_none_270e469b73872a76\COMCTL32.dll
0x00007ffcc3d50000 - 0x00007ffcc3d5a000 	C:\WINDOWS\SYSTEM32\VERSION.dll
0x00007ffcd6f70000 - 0x00007ffcd6fa1000 	C:\WINDOWS\System32\IMM32.DLL
0x00007ffcc7d60000 - 0x00007ffcc7d6c000 	C:\Program Files\Java\jdk-21\bin\vcruntime140_1.dll
0x00007ffc93810000 - 0x00007ffc9389e000 	C:\Program Files\Java\jdk-21\bin\msvcp140.dll
0x00007ffc4a390000 - 0x00007ffc4b0a5000 	C:\Program Files\Java\jdk-21\bin\server\jvm.dll
0x00007ffcd7430000 - 0x00007ffcd74a1000 	C:\WINDOWS\System32\WS2_32.dll
0x00007ffcd4600000 - 0x00007ffcd464d000 	C:\WINDOWS\SYSTEM32\POWRPROF.dll
0x00007ffcc7c60000 - 0x00007ffcc7c94000 	C:\WINDOWS\SYSTEM32\WINMM.dll
0x00007ffcd45e0000 - 0x00007ffcd45f3000 	C:\WINDOWS\SYSTEM32\UMPDC.dll
0x00007ffcd3880000 - 0x00007ffcd3898000 	C:\WINDOWS\SYSTEM32\kernel.appcore.dll
0x00007ffcc20d0000 - 0x00007ffcc20da000 	C:\Program Files\Java\jdk-21\bin\jimage.dll
0x00007ffcd2160000 - 0x00007ffcd2392000 	C:\WINDOWS\SYSTEM32\DBGHELP.DLL
0x00007ffcd6b20000 - 0x00007ffcd6ea8000 	C:\WINDOWS\System32\combase.dll
0x00007ffcd6730000 - 0x00007ffcd6807000 	C:\WINDOWS\System32\OLEAUT32.dll
0x00007ffcaef70000 - 0x00007ffcaefa2000 	C:\WINDOWS\SYSTEM32\dbgcore.DLL
0x00007ffcd48f0000 - 0x00007ffcd4969000 	C:\WINDOWS\System32\bcryptPrimitives.dll
0x00007ffcafa30000 - 0x00007ffcafa4f000 	C:\Program Files\Java\jdk-21\bin\java.dll
0x00007ffcd5620000 - 0x00007ffcd5e7c000 	C:\WINDOWS\System32\SHELL32.dll
0x00007ffcd27e0000 - 0x00007ffcd30d6000 	C:\WINDOWS\SYSTEM32\windows.storage.dll
0x00007ffcd26a0000 - 0x00007ffcd27de000 	C:\WINDOWS\SYSTEM32\wintypes.dll
0x00007ffcd69a0000 - 0x00007ffcd6a95000 	C:\WINDOWS\System32\SHCORE.dll
0x00007ffcd64a0000 - 0x00007ffcd64fe000 	C:\WINDOWS\System32\shlwapi.dll
0x00007ffcd4820000 - 0x00007ffcd4841000 	C:\WINDOWS\SYSTEM32\profapi.dll
0x00007ffc936e0000 - 0x00007ffc937b7000 	C:\Program Files\Java\jdk-21\bin\jsvml.dll

dbghelp: loaded successfully - version: 4.0.5 - missing functions: none
symbol engine: initialized successfully - sym options: 0x614 - pdb path: .;C:\Program Files\Java\jdk-21\bin;C:\WINDOWS\SYSTEM32;C:\WINDOWS\WinSxS\amd64_microsoft.windows.common-controls_6595b64144ccf1df_6.0.22621.3527_none_270e469b73872a76;C:\Program Files\Java\jdk-21\bin\server

VM Arguments:
jvm_args: -Xmx64m -Xms64m -Dorg.gradle.appname=gradlew 
java_command: org.gradle.wrapper.GradleWrapperMain run
java_class_path (initial): D:\\ISSENGI\\Try\\tp9\\\\gradle\\wrapper\\gradle-wrapper.jar
Launcher Type: SUN_STANDARD

[Global flags]
     intx CICompilerCount                          = 2                                         {product} {ergonomic}
     uint ConcGCThreads                            = 1                                         {product} {ergonomic}
     uint G1ConcRefinementThreads                  = 2                                         {product} {ergonomic}
   size_t G1HeapRegionSize                         = 1048576                                   {product} {ergonomic}
    uintx GCDrainStackTargetSize                   = 64                                        {product} {ergonomic}
   size_t InitialHeapSize                          = 67108864                                  {product} {command line}
   size_t MarkStackSize                            = 4194304                                   {product} {ergonomic}
   size_t MaxHeapSize                              = 67108864                                  {product} {command line}
   size_t MaxNewSize                               = 39845888                                  {product} {ergonomic}
   size_t MinHeapDeltaBytes                        = 1048576                                   {product} {ergonomic}
   size_t MinHeapSize                              = 67108864                                  {product} {command line}
    uintx NonNMethodCodeHeapSize                   = 5826188                                {pd product} {ergonomic}
    uintx NonProfiledCodeHeapSize                  = 122916026                              {pd product} {ergonomic}
    uintx ProfiledCodeHeapSize                     = 122916026                              {pd product} {ergonomic}
    uintx ReservedCodeCacheSize                    = 251658240                              {pd product} {ergonomic}
     bool SegmentedCodeCache                       = true                                      {product} {ergonomic}
   size_t SoftMaxHeapSize                          = 67108864                               {manageable} {ergonomic}
     bool UseCompressedOops                        = true                           {product lp64_product} {ergonomic}
     bool UseG1GC                                  = true                                      {product} {ergonomic}
     bool UseLargePagesIndividualAllocation        = false                                  {pd product} {ergonomic}

Logging:
Log output configuration:
 #0: stdout all=warning uptime,level,tags foldmultilines=false
 #1: stderr all=off uptime,level,tags foldmultilines=false

Environment Variables:
CLASSPATH=D:\ISSENGI\Try\tp9\\gradle\wrapper\gradle-wrapper.jar
PATH=C:\Program Files\Common Files\Oracle\Java\javapath;C:\WINDOWS\system32;C:\WINDOWS;C:\WINDOWS\System32\Wbem;C:\WINDOWS\System32\WindowsPowerShell\v1.0\;C:\WINDOWS\System32\OpenSSH\;C:\Program Files\Git\cmd;C:\msys64\mingw64\bin;C:\Users\ASUS\AppData\Local\Microsoft\WindowsApps;C:\Users\ASUS\AppData\Local\Programs\Microsoft VS Code\bin
USERNAME=ASUS
LANG=en_US.UTF-8
OS=Windows_NT
PROCESSOR_IDENTIFIER=Intel64 Family 6 Model 122 Stepping 8, GenuineIntel
TMP=C:\Users\ASUS\AppData\Local\Temp
TEMP=C:\Users\ASUS\AppData\Local\Temp




Periodic native trim disabled

---------------  S Y S T E M  ---------------

OS:
 Windows 11 , 64 bit Build 22621 (10.0.22621.3527)
OS uptime: 0 days 10:19 hours
Hyper-V role detected

CPU: total 2 (initial active 2) (2 cores per cpu, 1 threads per core) family 6 model 122 stepping 8 microcode 0x18, cx8, cmov, fxsr, mmx, 3dnowpref, sse, sse2, sse3, ssse3, sse4.1, sse4.2, popcnt, tsc, tscinvbit, aes, erms, clmul, sha, clflush, clflushopt, hv, rdtscp, rdpid
Processor Information for all 2 processors :
  Max Mhz: 1101, Current Mhz: 1101, Mhz Limit: 1101

Memory: 4k page, system-wide physical 3918M (212M free)
TotalPageFile size 8014M (AvailPageFile size 2M)
current process WorkingSet (physical memory assigned to process): 24M, peak: 24M
current process commit charge ("private bytes"): 120M, peak: 125M

vm_info: Java HotSpot(TM) 64-Bit Server VM (21.0.1+12-LTS-29) for windows-amd64 JRE (21.0.1+12-LTS-29), built on 2023-10-05T13:27:09Z by "mach5one" with MS VC++ 17.1 (VS2022)

END.
