#
# There is insufficient memory for the Java Runtime Environment to continue.
# Native memory allocation (mmap) failed to map 65536 bytes for Failed to commit metaspace.
# Possible reasons:
#   The system is out of physical RAM or swap space
#   The process is running with CompressedOops enabled, and the Java Heap may be blocking the growth of the native heap
# Possible solutions:
#   Reduce memory load on the system
#   Increase physical memory or swap space
#   Check if swap backing store is full
#   Decrease Java heap size (-Xmx/-Xms)
#   Decrease number of Java threads
#   Decrease Java thread stack sizes (-Xss)
#   Set larger code cache with -XX:ReservedCodeCacheSize=
#   JVM is running with Unscaled Compressed Oops mode in which the Java heap is
#     placed in the first 4GB address space. The Java Heap base address is the
#     maximum limit for the native heap growth. Please use -XX:HeapBaseMinAddress
#     to set the Java Heap base and to place the Java Heap above 4GB virtual address.
# This output file may be truncated or incomplete.
#
#  Out of Memory Error (virtualSpaceNode.cpp:112), pid=3892, tid=6932
#
# JRE version: Java(TM) SE Runtime Environment (21.0.1+12) (build 21.0.1+12-LTS-29)
# Java VM: Java HotSpot(TM) 64-Bit Server VM (21.0.1+12-LTS-29, mixed mode, sharing, tiered, compressed oops, compressed class ptrs, g1 gc, windows-amd64)
# No core dump will be written. Minidumps are not enabled by default on client versions of Windows
#

---------------  S U M M A R Y ------------

Command Line: --add-opens=java.base/java.util=ALL-UNNAMED --add-opens=java.base/java.lang=ALL-UNNAMED --add-opens=java.base/java.lang.invoke=ALL-UNNAMED --add-opens=java.prefs/java.util.prefs=ALL-UNNAMED --add-opens=java.base/java.nio.charset=ALL-UNNAMED --add-opens=java.base/java.net=ALL-UNNAMED --add-opens=java.base/java.util.concurrent.atomic=ALL-UNNAMED -XX:MaxMetaspaceSize=384m -XX:+HeapDumpOnOutOfMemoryError -Xms256m -Xmx512m -Dfile.encoding=UTF-8 -Duser.country=US -Duser.language=en -Duser.variant org.gradle.launcher.daemon.bootstrap.GradleDaemon 8.0.2

Host: Intel(R) Celeron(R) N4020 CPU @ 1.10GHz, 2 cores, 3G,  Windows 11 , 64 bit Build 22621 (10.0.22621.3527)
Time: Mon May 20 13:01:31 2024 Malay Peninsula Standard Time elapsed time: 2006.248640 seconds (0d 0h 33m 26s)

---------------  T H R E A D  ---------------

Current thread (0x0000028e7c7d5bf0):  JavaThread "C1 CompilerThread0" daemon [_thread_in_vm, id=6932, stack(0x000000d61df00000,0x000000d61e000000) (1024K)]


Current CompileTask:
C1:2006249 10810   !   3       java.util.concurrent.ThreadPoolExecutor::runWorker (187 bytes)

Stack: [0x000000d61df00000,0x000000d61e000000]
Native frames: (J=compiled Java code, j=interpreted, Vv=VM code, C=native code)
V  [jvm.dll+0x6c9029]
V  [jvm.dll+0x854b81]
V  [jvm.dll+0x856e5e]
V  [jvm.dll+0x857543]
V  [jvm.dll+0x280c06]
V  [jvm.dll+0x8508ae]
V  [jvm.dll+0x66ca45]
V  [jvm.dll+0x66caaa]
V  [jvm.dll+0x66f2a6]
V  [jvm.dll+0x66f172]
V  [jvm.dll+0x66d41e]
V  [jvm.dll+0x67e69a]
V  [jvm.dll+0x677932]
V  [jvm.dll+0x1f4390]
V  [jvm.dll+0x1f4578]
V  [jvm.dll+0x166926]
V  [jvm.dll+0x166776]
V  [jvm.dll+0x15e298]
V  [jvm.dll+0x16050d]
V  [jvm.dll+0x15eb35]
V  [jvm.dll+0x15884e]
V  [jvm.dll+0x168436]
V  [jvm.dll+0x153c00]
V  [jvm.dll+0x153f83]
V  [jvm.dll+0x154244]
V  [jvm.dll+0x153686]
V  [jvm.dll+0x1553ed]
V  [jvm.dll+0x2586b9]
V  [jvm.dll+0x256c9a]
V  [jvm.dll+0x3ef1b6]
V  [jvm.dll+0x7fd728]
V  [jvm.dll+0x6c777d]
C  [ucrtbase.dll+0x29333]
C  [KERNEL32.DLL+0x1257d]
C  [ntdll.dll+0x5aa48]


---------------  P R O C E S S  ---------------

Threads class SMR info:
_java_thread_list=0x0000028e190349b0, length=58, elements={
0x0000028e6099f950, 0x0000028e7c7c82f0, 0x0000028e7c7c9160, 0x0000028e7c7cf0f0,
0x0000028e7c7d1b60, 0x0000028e7c7d25c0, 0x0000028e7c7d3020, 0x0000028e7c7d3db0,
0x0000028e7c7d5bf0, 0x0000028e7c9c3700, 0x0000028e7c9c7d80, 0x0000028e7d54e360,
0x0000028e7dd8a6e0, 0x0000028e7dd89ea0, 0x0000028e7d3b8d70, 0x0000028e7d3b6ca0,
0x0000028e7d3b6610, 0x0000028e7d3b7330, 0x0000028e7d3b8050, 0x0000028e7edac080,
0x0000028e7edad430, 0x0000028e7edacda0, 0x0000028e7edab360, 0x0000028e7edaee70,
0x0000028e7edafb90, 0x0000028e19ae44f0, 0x0000028e19ae8690, 0x0000028e19c53360,
0x0000028e19c59c60, 0x0000028e19c55430, 0x0000028e7edae7e0, 0x0000028e7edaf500,
0x0000028e7edab9f0, 0x0000028e7edac710, 0x0000028e7edb0220, 0x0000028e7edb08b0,
0x0000028e7edaa640, 0x0000028e7eda9920, 0x0000028e7edb0f40, 0x0000028e7edaacd0,
0x0000028e19ae8000, 0x0000028e19ae58a0, 0x0000028e19ae4b80, 0x0000028e19ae1d90,
0x0000028e19ae2ab0, 0x0000028e19ae37d0, 0x0000028e19ae3140, 0x0000028e19ae6c50,
0x0000028e19ae7970, 0x0000028e19ae5210, 0x0000028e19ae72e0, 0x0000028e19ae3e60,
0x0000028e19ae1070, 0x0000028e19ae65c0, 0x0000028e19c588b0, 0x0000028e19c58f40,
0x0000028e19c57500, 0x0000028e19c595d0
}

Java Threads: ( => current thread )
  0x0000028e6099f950 JavaThread "main"                              [_thread_blocked, id=12864, stack(0x000000d61d000000,0x000000d61d100000) (1024K)]
  0x0000028e7c7c82f0 JavaThread "Reference Handler"          daemon [_thread_blocked, id=4256, stack(0x000000d61d800000,0x000000d61d900000) (1024K)]
  0x0000028e7c7c9160 JavaThread "Finalizer"                  daemon [_thread_blocked, id=3724, stack(0x000000d61d900000,0x000000d61da00000) (1024K)]
  0x0000028e7c7cf0f0 JavaThread "Signal Dispatcher"          daemon [_thread_blocked, id=10280, stack(0x000000d61da00000,0x000000d61db00000) (1024K)]
  0x0000028e7c7d1b60 JavaThread "Attach Listener"            daemon [_thread_blocked, id=12348, stack(0x000000d61db00000,0x000000d61dc00000) (1024K)]
  0x0000028e7c7d25c0 JavaThread "Service Thread"             daemon [_thread_blocked, id=7060, stack(0x000000d61dc00000,0x000000d61dd00000) (1024K)]
  0x0000028e7c7d3020 JavaThread "Monitor Deflation Thread"   daemon [_thread_blocked, id=7888, stack(0x000000d61dd00000,0x000000d61de00000) (1024K)]
  0x0000028e7c7d3db0 JavaThread "C2 CompilerThread0"         daemon [_thread_blocked, id=9652, stack(0x000000d61de00000,0x000000d61df00000) (1024K)]
=>0x0000028e7c7d5bf0 JavaThread "C1 CompilerThread0"         daemon [_thread_in_vm, id=6932, stack(0x000000d61df00000,0x000000d61e000000) (1024K)]
  0x0000028e7c9c3700 JavaThread "Common-Cleaner"             daemon [_thread_blocked, id=3148, stack(0x000000d61e000000,0x000000d61e100000) (1024K)]
  0x0000028e7c9c7d80 JavaThread "Notification Thread"        daemon [_thread_blocked, id=1824, stack(0x000000d61e100000,0x000000d61e200000) (1024K)]
  0x0000028e7d54e360 JavaThread "Daemon health stats"               [_thread_in_vm, id=8452, stack(0x000000d61e300000,0x000000d61e400000) (1024K)]
  0x0000028e7dd8a6e0 JavaThread "Incoming local TCP Connector on port 54118"        [_thread_in_native, id=9276, stack(0x000000d61e400000,0x000000d61e500000) (1024K)]
  0x0000028e7dd89ea0 JavaThread "Daemon periodic checks"            [_thread_blocked, id=1280, stack(0x000000d61e500000,0x000000d61e600000) (1024K)]
  0x0000028e7d3b8d70 JavaThread "Cache worker for journal cache (C:\Users\ASUS\.gradle\caches\journal-1)"        [_thread_blocked, id=10640, stack(0x000000d61ed00000,0x000000d61ee00000) (1024K)]
  0x0000028e7d3b6ca0 JavaThread "File lock request listener"        [_thread_in_native, id=11808, stack(0x000000d61ee00000,0x000000d61ef00000) (1024K)]
  0x0000028e7d3b6610 JavaThread "Cache worker for file hash cache (C:\Users\ASUS\.gradle\caches\8.0.2\fileHashes)"        [_thread_blocked, id=980, stack(0x000000d61ef00000,0x000000d61f000000) (1024K)]
  0x0000028e7d3b7330 JavaThread "File watcher server"        daemon [_thread_in_native, id=4192, stack(0x000000d61f000000,0x000000d61f100000) (1024K)]
  0x0000028e7d3b8050 JavaThread "File watcher consumer"      daemon [_thread_blocked, id=1840, stack(0x000000d61f100000,0x000000d61f200000) (1024K)]
  0x0000028e7edac080 JavaThread "jar transforms"                    [_thread_blocked, id=13308, stack(0x000000d61f200000,0x000000d61f300000) (1024K)]
  0x0000028e7edad430 JavaThread "jar transforms Thread 2"           [_thread_blocked, id=1404, stack(0x000000d61f300000,0x000000d61f400000) (1024K)]
  0x0000028e7edacda0 JavaThread "Cache worker for file content cache (C:\Users\ASUS\.gradle\caches\8.0.2\fileContent)"        [_thread_blocked, id=8020, stack(0x000000d61f600000,0x000000d61f700000) (1024K)]
  0x0000028e7edab360 JavaThread "Cache worker for execution history cache (C:\Users\ASUS\.gradle\caches\8.0.2\executionHistory)"        [_thread_blocked, id=10252, stack(0x000000d61f900000,0x000000d61fa00000) (1024K)]
  0x0000028e7edaee70 JavaThread "Daemon Thread 2"                   [_thread_blocked, id=2948, stack(0x000000d61ce00000,0x000000d61cf00000) (1024K)]
  0x0000028e7edafb90 JavaThread "Daemon worker Thread 2"            [_thread_blocked, id=12312, stack(0x000000d61e700000,0x000000d61e800000) (1024K)]
  0x0000028e19ae44f0 JavaThread "Memory manager"                    [_thread_blocked, id=4736, stack(0x000000d61fe00000,0x000000d61ff00000) (1024K)]
  0x0000028e19ae8690 JavaThread "Cache worker for Java compile cache (C:\Users\ASUS\.gradle\caches\8.0.2\javaCompile)"        [_thread_blocked, id=13160, stack(0x000000d620c00000,0x000000d620d00000) (1024K)]
  0x0000028e19c53360 JavaThread "Exec process"                      [_thread_in_native, id=6372, stack(0x000000d620f00000,0x000000d621000000) (1024K)]
  0x0000028e19c59c60 JavaThread "Exec process Thread 2"             [_thread_in_native, id=8820, stack(0x000000d621000000,0x000000d621100000) (1024K)]
  0x0000028e19c55430 JavaThread "Exec process Thread 3"             [_thread_in_native, id=2432, stack(0x000000d621100000,0x000000d621200000) (1024K)]
  0x0000028e7edae7e0 JavaThread "Handler for socket connection from /127.0.0.1:54118 to /127.0.0.1:54211"        [_thread_in_native, id=7284, stack(0x000000d61cf00000,0x000000d61d000000) (1024K)]
  0x0000028e7edaf500 JavaThread "Cancel handler"                    [_thread_blocked, id=12180, stack(0x000000d61e600000,0x000000d61e700000) (1024K)]
  0x0000028e7edab9f0 JavaThread "Asynchronous log dispatcher for DefaultDaemonConnection: socket connection from /127.0.0.1:54118 to /127.0.0.1:54211"        [_thread_blocked, id=7064, stack(0x000000d61e800000,0x000000d61e900000) (1024K)]
  0x0000028e7edac710 JavaThread "Stdin handler"                     [_thread_blocked, id=1996, stack(0x000000d61e900000,0x000000d61ea00000) (1024K)]
  0x0000028e7edb0220 JavaThread "Daemon client event forwarder"        [_thread_blocked, id=1448, stack(0x000000d61ea00000,0x000000d61eb00000) (1024K)]
  0x0000028e7edb08b0 JavaThread "Cache worker for checksums cache (D:\ISSENGI\Try\tp9\.gradle\8.0.2\checksums)"        [_thread_blocked, id=10012, stack(0x000000d61eb00000,0x000000d61ec00000) (1024K)]
  0x0000028e7edaa640 JavaThread "Cache worker for cache directory md-rule (C:\Users\ASUS\.gradle\caches\8.0.2\md-rule)"        [_thread_blocked, id=3948, stack(0x000000d61ec00000,0x000000d61ed00000) (1024K)]
  0x0000028e7eda9920 JavaThread "Cache worker for file hash cache (D:\ISSENGI\Try\tp9\.gradle\8.0.2\fileHashes)"        [_thread_blocked, id=5788, stack(0x000000d61f400000,0x000000d61f500000) (1024K)]
  0x0000028e7edb0f40 JavaThread "Cache worker for cache directory md-supplier (C:\Users\ASUS\.gradle\caches\8.0.2\md-supplier)"        [_thread_blocked, id=10532, stack(0x000000d61f500000,0x000000d61f600000) (1024K)]
  0x0000028e7edaacd0 JavaThread "Cache worker for dependencies-accessors (D:\ISSENGI\Try\tp9\.gradle\8.0.2\dependencies-accessors)"        [_thread_blocked, id=12808, stack(0x000000d61f700000,0x000000d61f800000) (1024K)]
  0x0000028e19ae8000 JavaThread "Cache worker for Build Output Cleanup Cache (D:\ISSENGI\Try\tp9\.gradle\buildOutputCleanup)"        [_thread_blocked, id=5548, stack(0x000000d61f800000,0x000000d61f900000) (1024K)]
  0x0000028e19ae58a0 JavaThread "Unconstrained build operations"        [_thread_blocked, id=8724, stack(0x000000d61fa00000,0x000000d61fb00000) (1024K)]
  0x0000028e19ae4b80 JavaThread "Unconstrained build operations Thread 2"        [_thread_blocked, id=5660, stack(0x000000d61fb00000,0x000000d61fc00000) (1024K)]
  0x0000028e19ae1d90 JavaThread "Unconstrained build operations Thread 3"        [_thread_blocked, id=4004, stack(0x000000d61fc00000,0x000000d61fd00000) (1024K)]
  0x0000028e19ae2ab0 JavaThread "Unconstrained build operations Thread 4"        [_thread_blocked, id=11080, stack(0x000000d61fd00000,0x000000d61fe00000) (1024K)]
  0x0000028e19ae37d0 JavaThread "included builds"                   [_thread_blocked, id=2876, stack(0x000000d61ff00000,0x000000d620000000) (1024K)]
  0x0000028e19ae3140 JavaThread "Execution worker"                  [_thread_blocked, id=3828, stack(0x000000d620000000,0x000000d620100000) (1024K)]
  0x0000028e19ae6c50 JavaThread "Cache worker for execution history cache (D:\ISSENGI\Try\tp9\.gradle\8.0.2\executionHistory)"        [_thread_blocked, id=10088, stack(0x000000d620200000,0x000000d620300000) (1024K)]
  0x0000028e19ae7970 JavaThread "Unconstrained build operations Thread 5"        [_thread_blocked, id=3144, stack(0x000000d620300000,0x000000d620400000) (1024K)]
  0x0000028e19ae5210 JavaThread "Unconstrained build operations Thread 6"        [_thread_blocked, id=9612, stack(0x000000d620400000,0x000000d620500000) (1024K)]
  0x0000028e19ae72e0 JavaThread "Unconstrained build operations Thread 7"        [_thread_blocked, id=9648, stack(0x000000d620500000,0x000000d620600000) (1024K)]
  0x0000028e19ae3e60 JavaThread "Unconstrained build operations Thread 8"        [_thread_blocked, id=12144, stack(0x000000d620600000,0x000000d620700000) (1024K)]
  0x0000028e19ae1070 JavaThread "Unconstrained build operations Thread 9"        [_thread_blocked, id=11912, stack(0x000000d620700000,0x000000d620800000) (1024K)]
  0x0000028e19ae65c0 JavaThread "Unconstrained build operations Thread 10"        [_thread_blocked, id=9588, stack(0x000000d620800000,0x000000d620900000) (1024K)]
  0x0000028e19c588b0 JavaThread "Unconstrained build operations Thread 11"        [_thread_blocked, id=8528, stack(0x000000d620900000,0x000000d620a00000) (1024K)]
  0x0000028e19c58f40 JavaThread "Unconstrained build operations Thread 12"        [_thread_blocked, id=4388, stack(0x000000d620a00000,0x000000d620b00000) (1024K)]
  0x0000028e19c57500 JavaThread "Unconstrained build operations Thread 13"        [_thread_blocked, id=8748, stack(0x000000d620b00000,0x000000d620c00000) (1024K)]
  0x0000028e19c595d0 JavaThread "Unconstrained build operations Thread 14"        [_thread_blocked, id=12680, stack(0x000000d620d00000,0x000000d620e00000) (1024K)]
Total: 58

Other Threads:
  0x0000028e7c7aeb20 VMThread "VM Thread"                           [id=10984, stack(0x000000d61d700000,0x000000d61d800000) (1024K)]
  0x0000028e7c7977e0 WatcherThread "VM Periodic Task Thread"        [id=9312, stack(0x000000d61d600000,0x000000d61d700000) (1024K)]
  0x0000028e609c0f60 WorkerThread "GC Thread#0"                     [id=12788, stack(0x000000d61d100000,0x000000d61d200000) (1024K)]
  0x0000028e7cf98250 WorkerThread "GC Thread#1"                     [id=4752, stack(0x000000d61e200000,0x000000d61e300000) (1024K)]
  0x0000028e609c5f40 ConcurrentGCThread "G1 Main Marker"            [id=10460, stack(0x000000d61d200000,0x000000d61d300000) (1024K)]
  0x0000028e609c6a40 WorkerThread "G1 Conc#0"                       [id=6920, stack(0x000000d61d300000,0x000000d61d400000) (1024K)]
  0x0000028e60a5d630 ConcurrentGCThread "G1 Refine#0"               [id=1632, stack(0x000000d61d400000,0x000000d61d500000) (1024K)]
  0x0000028e60a5e1a0 ConcurrentGCThread "G1 Service"                [id=6936, stack(0x000000d61d500000,0x000000d61d600000) (1024K)]
Total: 8

Threads with active compile tasks:
C1 CompilerThread0  2006328 10810   !   3       java.util.concurrent.ThreadPoolExecutor::runWorker (187 bytes)
Total: 1

VM state: not at safepoint (normal execution)

VM Mutex/Monitor currently owned by a thread:  ([mutex/lock_event])
[0x00007ffc4afc8578] Metaspace_lock - owner thread: 0x0000028e7c7d5bf0

Heap address: 0x00000000e0000000, size: 512 MB, Compressed Oops mode: 32-bit

CDS archive(s) mapped at: [0x0000028e00000000-0x0000028e00c90000-0x0000028e00c90000), size 13172736, SharedBaseAddress: 0x0000028e00000000, ArchiveRelocationMode: 1.
Compressed class space mapped at: 0x0000028e01000000-0x0000028e15000000, reserved size: 335544320
Narrow klass base: 0x0000028e00000000, Narrow klass shift: 0, Narrow klass range: 0x100000000

GC Precious Log:
 CardTable entry size: 512
 Card Set container configuration: InlinePtr #cards 5 size 8 Array Of Cards #cards 12 size 40 Howl #buckets 4 coarsen threshold 1843 Howl Bitmap #cards 512 size 80 coarsen threshold 460 Card regions per heap region 1 cards per card region 2048
 CPUs: 2 total, 2 available
 Memory: 3918M
 Large Page Support: Disabled
 NUMA Support: Disabled
 Compressed Oops: Enabled (32-bit)
 Heap Region Size: 1M
 Heap Min Capacity: 256M
 Heap Initial Capacity: 256M
 Heap Max Capacity: 512M
 Pre-touch: Disabled
 Parallel Workers: 2
 Concurrent Workers: 1
 Concurrent Refinement Workers: 2
 Periodic GC: Disabled

Heap:
 garbage-first heap   total 262144K, used 116882K [0x00000000e0000000, 0x0000000100000000)
  region size 1024K, 79 young (80896K), 12 survivors (12288K)
 Metaspace       used 68622K, committed 70464K, reserved 393216K
  class space    used 9588K, committed 10496K, reserved 327680K

Heap Regions: E=young(eden), S=young(survivor), O=old, HS=humongous(starts), HC=humongous(continues), CS=collection set, F=free, TAMS=top-at-mark-start, PB=parsable bottom
|   0|0x00000000e0000000, 0x00000000e0100000, 0x00000000e0100000|100%| O|  |TAMS 0x00000000e0000000| PB 0x00000000e0000000| Untracked 
|   1|0x00000000e0100000, 0x00000000e0200000, 0x00000000e0200000|100%|HS|  |TAMS 0x00000000e0100000| PB 0x00000000e0100000| Complete 
|   2|0x00000000e0200000, 0x00000000e0300000, 0x00000000e0300000|100%|HC|  |TAMS 0x00000000e0200000| PB 0x00000000e0200000| Complete 
|   3|0x00000000e0300000, 0x00000000e0400000, 0x00000000e0400000|100%|HC|  |TAMS 0x00000000e0300000| PB 0x00000000e0300000| Complete 
|   4|0x00000000e0400000, 0x00000000e0500000, 0x00000000e0500000|100%|HC|  |TAMS 0x00000000e0400000| PB 0x00000000e0400000| Complete 
|   5|0x00000000e0500000, 0x00000000e0600000, 0x00000000e0600000|100%| O|  |TAMS 0x00000000e0500000| PB 0x00000000e0500000| Untracked 
|   6|0x00000000e0600000, 0x00000000e0700000, 0x00000000e0700000|100%| O|  |TAMS 0x00000000e0600000| PB 0x00000000e0600000| Untracked 
|   7|0x00000000e0700000, 0x00000000e0800000, 0x00000000e0800000|100%| O|  |TAMS 0x00000000e0700000| PB 0x00000000e0700000| Untracked 
|   8|0x00000000e0800000, 0x00000000e0900000, 0x00000000e0900000|100%| O|  |TAMS 0x00000000e0800000| PB 0x00000000e0800000| Untracked 
|   9|0x00000000e0900000, 0x00000000e0a00000, 0x00000000e0a00000|100%| O|  |TAMS 0x00000000e0900000| PB 0x00000000e0900000| Untracked 
|  10|0x00000000e0a00000, 0x00000000e0b00000, 0x00000000e0b00000|100%| O|  |TAMS 0x00000000e0a00000| PB 0x00000000e0a00000| Untracked 
|  11|0x00000000e0b00000, 0x00000000e0c00000, 0x00000000e0c00000|100%| O|  |TAMS 0x00000000e0b00000| PB 0x00000000e0b00000| Untracked 
|  12|0x00000000e0c00000, 0x00000000e0d00000, 0x00000000e0d00000|100%| O|  |TAMS 0x00000000e0c00000| PB 0x00000000e0c00000| Untracked 
|  13|0x00000000e0d00000, 0x00000000e0e00000, 0x00000000e0e00000|100%| O|  |TAMS 0x00000000e0d00000| PB 0x00000000e0d00000| Untracked 
|  14|0x00000000e0e00000, 0x00000000e0f00000, 0x00000000e0f00000|100%| O|  |TAMS 0x00000000e0e00000| PB 0x00000000e0e00000| Untracked 
|  15|0x00000000e0f00000, 0x00000000e1000000, 0x00000000e1000000|100%| O|  |TAMS 0x00000000e0f00000| PB 0x00000000e0f00000| Untracked 
|  16|0x00000000e1000000, 0x00000000e1100000, 0x00000000e1100000|100%| O|  |TAMS 0x00000000e1000000| PB 0x00000000e1000000| Untracked 
|  17|0x00000000e1100000, 0x00000000e1200000, 0x00000000e1200000|100%| O|  |TAMS 0x00000000e1100000| PB 0x00000000e1100000| Untracked 
|  18|0x00000000e1200000, 0x00000000e1300000, 0x00000000e1300000|100%| O|  |TAMS 0x00000000e1200000| PB 0x00000000e1200000| Untracked 
|  19|0x00000000e1300000, 0x00000000e1400000, 0x00000000e1400000|100%| O|  |TAMS 0x00000000e1300000| PB 0x00000000e1300000| Untracked 
|  20|0x00000000e1400000, 0x00000000e1500000, 0x00000000e1500000|100%| O|  |TAMS 0x00000000e1400000| PB 0x00000000e1400000| Untracked 
|  21|0x00000000e1500000, 0x00000000e1600000, 0x00000000e1600000|100%| O|  |TAMS 0x00000000e1500000| PB 0x00000000e1500000| Untracked 
|  22|0x00000000e1600000, 0x00000000e1600000, 0x00000000e1700000|  0%| F|  |TAMS 0x00000000e1600000| PB 0x00000000e1600000| Untracked 
|  23|0x00000000e1700000, 0x00000000e1800000, 0x00000000e1800000|100%| O|Cm|TAMS 0x00000000e1700000| PB 0x00000000e1700000| Complete 
|  24|0x00000000e1800000, 0x00000000e1900000, 0x00000000e1900000|100%| O|  |TAMS 0x00000000e1800000| PB 0x00000000e1800000| Untracked 
|  25|0x00000000e1900000, 0x00000000e1a00000, 0x00000000e1a00000|100%| O|  |TAMS 0x00000000e1900000| PB 0x00000000e1900000| Untracked 
|  26|0x00000000e1a00000, 0x00000000e1b00000, 0x00000000e1b00000|100%| O|  |TAMS 0x00000000e1a00000| PB 0x00000000e1a00000| Untracked 
|  27|0x00000000e1b00000, 0x00000000e1c00000, 0x00000000e1c00000|100%| O|  |TAMS 0x00000000e1b00000| PB 0x00000000e1b00000| Untracked 
|  28|0x00000000e1c00000, 0x00000000e1d00000, 0x00000000e1d00000|100%| O|  |TAMS 0x00000000e1c00000| PB 0x00000000e1c00000| Untracked 
|  29|0x00000000e1d00000, 0x00000000e1e00000, 0x00000000e1e00000|100%| O|  |TAMS 0x00000000e1d00000| PB 0x00000000e1d00000| Untracked 
|  30|0x00000000e1e00000, 0x00000000e1f00000, 0x00000000e1f00000|100%| O|  |TAMS 0x00000000e1e00000| PB 0x00000000e1e00000| Untracked 
|  31|0x00000000e1f00000, 0x00000000e2000000, 0x00000000e2000000|100%| O|  |TAMS 0x00000000e1f00000| PB 0x00000000e1f00000| Untracked 
|  32|0x00000000e2000000, 0x00000000e2100000, 0x00000000e2100000|100%| O|  |TAMS 0x00000000e2000000| PB 0x00000000e2000000| Untracked 
|  33|0x00000000e2100000, 0x00000000e2200000, 0x00000000e2200000|100%| O|  |TAMS 0x00000000e2100000| PB 0x00000000e2100000| Untracked 
|  34|0x00000000e2200000, 0x00000000e2300000, 0x00000000e2300000|100%| O|  |TAMS 0x00000000e2200000| PB 0x00000000e2200000| Untracked 
|  35|0x00000000e2300000, 0x00000000e2400000, 0x00000000e2400000|100%| O|  |TAMS 0x00000000e2300000| PB 0x00000000e2300000| Untracked 
|  36|0x00000000e2400000, 0x00000000e2500000, 0x00000000e2500000|100%| O|  |TAMS 0x00000000e2400000| PB 0x00000000e2400000| Untracked 
|  37|0x00000000e2500000, 0x00000000e2600000, 0x00000000e2600000|100%| O|  |TAMS 0x00000000e2500000| PB 0x00000000e2500000| Untracked 
|  38|0x00000000e2600000, 0x00000000e2700000, 0x00000000e2700000|100%| O|  |TAMS 0x00000000e2600000| PB 0x00000000e2600000| Untracked 
|  39|0x00000000e2700000, 0x00000000e2700000, 0x00000000e2800000|  0%| F|  |TAMS 0x00000000e2700000| PB 0x00000000e2700000| Untracked 
|  40|0x00000000e2800000, 0x00000000e2800000, 0x00000000e2900000|  0%| F|  |TAMS 0x00000000e2800000| PB 0x00000000e2800000| Untracked 
|  41|0x00000000e2900000, 0x00000000e2900000, 0x00000000e2a00000|  0%| F|  |TAMS 0x00000000e2900000| PB 0x00000000e2900000| Untracked 
|  42|0x00000000e2a00000, 0x00000000e2a00000, 0x00000000e2b00000|  0%| F|  |TAMS 0x00000000e2a00000| PB 0x00000000e2a00000| Untracked 
|  43|0x00000000e2b00000, 0x00000000e2b00000, 0x00000000e2c00000|  0%| F|  |TAMS 0x00000000e2b00000| PB 0x00000000e2b00000| Untracked 
|  44|0x00000000e2c00000, 0x00000000e2c00000, 0x00000000e2d00000|  0%| F|  |TAMS 0x00000000e2c00000| PB 0x00000000e2c00000| Untracked 
|  45|0x00000000e2d00000, 0x00000000e2d00000, 0x00000000e2e00000|  0%| F|  |TAMS 0x00000000e2d00000| PB 0x00000000e2d00000| Untracked 
|  46|0x00000000e2e00000, 0x00000000e2e00000, 0x00000000e2f00000|  0%| F|  |TAMS 0x00000000e2e00000| PB 0x00000000e2e00000| Untracked 
|  47|0x00000000e2f00000, 0x00000000e2f00000, 0x00000000e3000000|  0%| F|  |TAMS 0x00000000e2f00000| PB 0x00000000e2f00000| Untracked 
|  48|0x00000000e3000000, 0x00000000e3000000, 0x00000000e3100000|  0%| F|  |TAMS 0x00000000e3000000| PB 0x00000000e3000000| Untracked 
|  49|0x00000000e3100000, 0x00000000e3100000, 0x00000000e3200000|  0%| F|  |TAMS 0x00000000e3100000| PB 0x00000000e3100000| Untracked 
|  50|0x00000000e3200000, 0x00000000e3200000, 0x00000000e3300000|  0%| F|  |TAMS 0x00000000e3200000| PB 0x00000000e3200000| Untracked 
|  51|0x00000000e3300000, 0x00000000e3300000, 0x00000000e3400000|  0%| F|  |TAMS 0x00000000e3300000| PB 0x00000000e3300000| Untracked 
|  52|0x00000000e3400000, 0x00000000e3400000, 0x00000000e3500000|  0%| F|  |TAMS 0x00000000e3400000| PB 0x00000000e3400000| Untracked 
|  53|0x00000000e3500000, 0x00000000e3500000, 0x00000000e3600000|  0%| F|  |TAMS 0x00000000e3500000| PB 0x00000000e3500000| Untracked 
|  54|0x00000000e3600000, 0x00000000e3600000, 0x00000000e3700000|  0%| F|  |TAMS 0x00000000e3600000| PB 0x00000000e3600000| Untracked 
|  55|0x00000000e3700000, 0x00000000e3700000, 0x00000000e3800000|  0%| F|  |TAMS 0x00000000e3700000| PB 0x00000000e3700000| Untracked 
|  56|0x00000000e3800000, 0x00000000e3800000, 0x00000000e3900000|  0%| F|  |TAMS 0x00000000e3800000| PB 0x00000000e3800000| Untracked 
|  57|0x00000000e3900000, 0x00000000e3900000, 0x00000000e3a00000|  0%| F|  |TAMS 0x00000000e3900000| PB 0x00000000e3900000| Untracked 
|  58|0x00000000e3a00000, 0x00000000e3a00000, 0x00000000e3b00000|  0%| F|  |TAMS 0x00000000e3a00000| PB 0x00000000e3a00000| Untracked 
|  59|0x00000000e3b00000, 0x00000000e3b00000, 0x00000000e3c00000|  0%| F|  |TAMS 0x00000000e3b00000| PB 0x00000000e3b00000| Untracked 
|  60|0x00000000e3c00000, 0x00000000e3c00000, 0x00000000e3d00000|  0%| F|  |TAMS 0x00000000e3c00000| PB 0x00000000e3c00000| Untracked 
|  61|0x00000000e3d00000, 0x00000000e3d00000, 0x00000000e3e00000|  0%| F|  |TAMS 0x00000000e3d00000| PB 0x00000000e3d00000| Untracked 
|  62|0x00000000e3e00000, 0x00000000e3e00000, 0x00000000e3f00000|  0%| F|  |TAMS 0x00000000e3e00000| PB 0x00000000e3e00000| Untracked 
|  63|0x00000000e3f00000, 0x00000000e3f00000, 0x00000000e4000000|  0%| F|  |TAMS 0x00000000e3f00000| PB 0x00000000e3f00000| Untracked 
|  64|0x00000000e4000000, 0x00000000e4000000, 0x00000000e4100000|  0%| F|  |TAMS 0x00000000e4000000| PB 0x00000000e4000000| Untracked 
|  65|0x00000000e4100000, 0x00000000e4100000, 0x00000000e4200000|  0%| F|  |TAMS 0x00000000e4100000| PB 0x00000000e4100000| Untracked 
|  66|0x00000000e4200000, 0x00000000e4200000, 0x00000000e4300000|  0%| F|  |TAMS 0x00000000e4200000| PB 0x00000000e4200000| Untracked 
|  67|0x00000000e4300000, 0x00000000e4300000, 0x00000000e4400000|  0%| F|  |TAMS 0x00000000e4300000| PB 0x00000000e4300000| Untracked 
|  68|0x00000000e4400000, 0x00000000e4400000, 0x00000000e4500000|  0%| F|  |TAMS 0x00000000e4400000| PB 0x00000000e4400000| Untracked 
|  69|0x00000000e4500000, 0x00000000e4500000, 0x00000000e4600000|  0%| F|  |TAMS 0x00000000e4500000| PB 0x00000000e4500000| Untracked 
|  70|0x00000000e4600000, 0x00000000e4600000, 0x00000000e4700000|  0%| F|  |TAMS 0x00000000e4600000| PB 0x00000000e4600000| Untracked 
|  71|0x00000000e4700000, 0x00000000e4700000, 0x00000000e4800000|  0%| F|  |TAMS 0x00000000e4700000| PB 0x00000000e4700000| Untracked 
|  72|0x00000000e4800000, 0x00000000e4800000, 0x00000000e4900000|  0%| F|  |TAMS 0x00000000e4800000| PB 0x00000000e4800000| Untracked 
|  73|0x00000000e4900000, 0x00000000e4900000, 0x00000000e4a00000|  0%| F|  |TAMS 0x00000000e4900000| PB 0x00000000e4900000| Untracked 
|  74|0x00000000e4a00000, 0x00000000e4a00000, 0x00000000e4b00000|  0%| F|  |TAMS 0x00000000e4a00000| PB 0x00000000e4a00000| Untracked 
|  75|0x00000000e4b00000, 0x00000000e4b00000, 0x00000000e4c00000|  0%| F|  |TAMS 0x00000000e4b00000| PB 0x00000000e4b00000| Untracked 
|  76|0x00000000e4c00000, 0x00000000e4c00000, 0x00000000e4d00000|  0%| F|  |TAMS 0x00000000e4c00000| PB 0x00000000e4c00000| Untracked 
|  77|0x00000000e4d00000, 0x00000000e4d00000, 0x00000000e4e00000|  0%| F|  |TAMS 0x00000000e4d00000| PB 0x00000000e4d00000| Untracked 
|  78|0x00000000e4e00000, 0x00000000e4e00000, 0x00000000e4f00000|  0%| F|  |TAMS 0x00000000e4e00000| PB 0x00000000e4e00000| Untracked 
|  79|0x00000000e4f00000, 0x00000000e4f00000, 0x00000000e5000000|  0%| F|  |TAMS 0x00000000e4f00000| PB 0x00000000e4f00000| Untracked 
|  80|0x00000000e5000000, 0x00000000e5000000, 0x00000000e5100000|  0%| F|  |TAMS 0x00000000e5000000| PB 0x00000000e5000000| Untracked 
|  81|0x00000000e5100000, 0x00000000e5100000, 0x00000000e5200000|  0%| F|  |TAMS 0x00000000e5100000| PB 0x00000000e5100000| Untracked 
|  82|0x00000000e5200000, 0x00000000e5200000, 0x00000000e5300000|  0%| F|  |TAMS 0x00000000e5200000| PB 0x00000000e5200000| Untracked 
|  83|0x00000000e5300000, 0x00000000e5300000, 0x00000000e5400000|  0%| F|  |TAMS 0x00000000e5300000| PB 0x00000000e5300000| Untracked 
|  84|0x00000000e5400000, 0x00000000e5400000, 0x00000000e5500000|  0%| F|  |TAMS 0x00000000e5400000| PB 0x00000000e5400000| Untracked 
|  85|0x00000000e5500000, 0x00000000e5500000, 0x00000000e5600000|  0%| F|  |TAMS 0x00000000e5500000| PB 0x00000000e5500000| Untracked 
|  86|0x00000000e5600000, 0x00000000e5600000, 0x00000000e5700000|  0%| F|  |TAMS 0x00000000e5600000| PB 0x00000000e5600000| Untracked 
|  87|0x00000000e5700000, 0x00000000e5700000, 0x00000000e5800000|  0%| F|  |TAMS 0x00000000e5700000| PB 0x00000000e5700000| Untracked 
|  88|0x00000000e5800000, 0x00000000e5800000, 0x00000000e5900000|  0%| F|  |TAMS 0x00000000e5800000| PB 0x00000000e5800000| Untracked 
|  89|0x00000000e5900000, 0x00000000e5900000, 0x00000000e5a00000|  0%| F|  |TAMS 0x00000000e5900000| PB 0x00000000e5900000| Untracked 
|  90|0x00000000e5a00000, 0x00000000e5a00000, 0x00000000e5b00000|  0%| F|  |TAMS 0x00000000e5a00000| PB 0x00000000e5a00000| Untracked 
|  91|0x00000000e5b00000, 0x00000000e5b24b70, 0x00000000e5c00000| 14%| S|CS|TAMS 0x00000000e5b00000| PB 0x00000000e5b00000| Complete 
|  92|0x00000000e5c00000, 0x00000000e5d00000, 0x00000000e5d00000|100%| S|CS|TAMS 0x00000000e5c00000| PB 0x00000000e5c00000| Complete 
|  93|0x00000000e5d00000, 0x00000000e5e00000, 0x00000000e5e00000|100%| S|CS|TAMS 0x00000000e5d00000| PB 0x00000000e5d00000| Complete 
|  94|0x00000000e5e00000, 0x00000000e5f00000, 0x00000000e5f00000|100%| S|CS|TAMS 0x00000000e5e00000| PB 0x00000000e5e00000| Complete 
|  95|0x00000000e5f00000, 0x00000000e6000000, 0x00000000e6000000|100%| S|CS|TAMS 0x00000000e5f00000| PB 0x00000000e5f00000| Complete 
|  96|0x00000000e6000000, 0x00000000e6100000, 0x00000000e6100000|100%| S|CS|TAMS 0x00000000e6000000| PB 0x00000000e6000000| Complete 
|  97|0x00000000e6100000, 0x00000000e6200000, 0x00000000e6200000|100%| S|CS|TAMS 0x00000000e6100000| PB 0x00000000e6100000| Complete 
|  98|0x00000000e6200000, 0x00000000e6300000, 0x00000000e6300000|100%| S|CS|TAMS 0x00000000e6200000| PB 0x00000000e6200000| Complete 
|  99|0x00000000e6300000, 0x00000000e6400000, 0x00000000e6400000|100%| S|CS|TAMS 0x00000000e6300000| PB 0x00000000e6300000| Complete 
| 100|0x00000000e6400000, 0x00000000e6500000, 0x00000000e6500000|100%| S|CS|TAMS 0x00000000e6400000| PB 0x00000000e6400000| Complete 
| 101|0x00000000e6500000, 0x00000000e6600000, 0x00000000e6600000|100%| S|CS|TAMS 0x00000000e6500000| PB 0x00000000e6500000| Complete 
| 102|0x00000000e6600000, 0x00000000e6700000, 0x00000000e6700000|100%| S|CS|TAMS 0x00000000e6600000| PB 0x00000000e6600000| Complete 
| 103|0x00000000e6700000, 0x00000000e6700000, 0x00000000e6800000|  0%| F|  |TAMS 0x00000000e6700000| PB 0x00000000e6700000| Untracked 
| 104|0x00000000e6800000, 0x00000000e6800000, 0x00000000e6900000|  0%| F|  |TAMS 0x00000000e6800000| PB 0x00000000e6800000| Untracked 
| 105|0x00000000e6900000, 0x00000000e6900000, 0x00000000e6a00000|  0%| F|  |TAMS 0x00000000e6900000| PB 0x00000000e6900000| Untracked 
| 106|0x00000000e6a00000, 0x00000000e6a00000, 0x00000000e6b00000|  0%| F|  |TAMS 0x00000000e6a00000| PB 0x00000000e6a00000| Untracked 
| 107|0x00000000e6b00000, 0x00000000e6b00000, 0x00000000e6c00000|  0%| F|  |TAMS 0x00000000e6b00000| PB 0x00000000e6b00000| Untracked 
| 108|0x00000000e6c00000, 0x00000000e6c00000, 0x00000000e6d00000|  0%| F|  |TAMS 0x00000000e6c00000| PB 0x00000000e6c00000| Untracked 
| 109|0x00000000e6d00000, 0x00000000e6d00000, 0x00000000e6e00000|  0%| F|  |TAMS 0x00000000e6d00000| PB 0x00000000e6d00000| Untracked 
| 110|0x00000000e6e00000, 0x00000000e6e00000, 0x00000000e6f00000|  0%| F|  |TAMS 0x00000000e6e00000| PB 0x00000000e6e00000| Untracked 
| 111|0x00000000e6f00000, 0x00000000e6f00000, 0x00000000e7000000|  0%| F|  |TAMS 0x00000000e6f00000| PB 0x00000000e6f00000| Untracked 
| 112|0x00000000e7000000, 0x00000000e7000000, 0x00000000e7100000|  0%| F|  |TAMS 0x00000000e7000000| PB 0x00000000e7000000| Untracked 
| 113|0x00000000e7100000, 0x00000000e7100000, 0x00000000e7200000|  0%| F|  |TAMS 0x00000000e7100000| PB 0x00000000e7100000| Untracked 
| 114|0x00000000e7200000, 0x00000000e7200000, 0x00000000e7300000|  0%| F|  |TAMS 0x00000000e7200000| PB 0x00000000e7200000| Untracked 
| 115|0x00000000e7300000, 0x00000000e7300000, 0x00000000e7400000|  0%| F|  |TAMS 0x00000000e7300000| PB 0x00000000e7300000| Untracked 
| 116|0x00000000e7400000, 0x00000000e7400000, 0x00000000e7500000|  0%| F|  |TAMS 0x00000000e7400000| PB 0x00000000e7400000| Untracked 
| 117|0x00000000e7500000, 0x00000000e7500000, 0x00000000e7600000|  0%| F|  |TAMS 0x00000000e7500000| PB 0x00000000e7500000| Untracked 
| 118|0x00000000e7600000, 0x00000000e7600000, 0x00000000e7700000|  0%| F|  |TAMS 0x00000000e7600000| PB 0x00000000e7600000| Untracked 
| 119|0x00000000e7700000, 0x00000000e7700000, 0x00000000e7800000|  0%| F|  |TAMS 0x00000000e7700000| PB 0x00000000e7700000| Untracked 
| 120|0x00000000e7800000, 0x00000000e7800000, 0x00000000e7900000|  0%| F|  |TAMS 0x00000000e7800000| PB 0x00000000e7800000| Untracked 
| 121|0x00000000e7900000, 0x00000000e7900000, 0x00000000e7a00000|  0%| F|  |TAMS 0x00000000e7900000| PB 0x00000000e7900000| Untracked 
| 122|0x00000000e7a00000, 0x00000000e7a00000, 0x00000000e7b00000|  0%| F|  |TAMS 0x00000000e7a00000| PB 0x00000000e7a00000| Untracked 
| 123|0x00000000e7b00000, 0x00000000e7b00000, 0x00000000e7c00000|  0%| F|  |TAMS 0x00000000e7b00000| PB 0x00000000e7b00000| Untracked 
| 124|0x00000000e7c00000, 0x00000000e7c00000, 0x00000000e7d00000|  0%| F|  |TAMS 0x00000000e7c00000| PB 0x00000000e7c00000| Untracked 
| 125|0x00000000e7d00000, 0x00000000e7d00000, 0x00000000e7e00000|  0%| F|  |TAMS 0x00000000e7d00000| PB 0x00000000e7d00000| Untracked 
| 126|0x00000000e7e00000, 0x00000000e7e00000, 0x00000000e7f00000|  0%| F|  |TAMS 0x00000000e7e00000| PB 0x00000000e7e00000| Untracked 
| 127|0x00000000e7f00000, 0x00000000e7f00000, 0x00000000e8000000|  0%| F|  |TAMS 0x00000000e7f00000| PB 0x00000000e7f00000| Untracked 
| 128|0x00000000e8000000, 0x00000000e8000000, 0x00000000e8100000|  0%| F|  |TAMS 0x00000000e8000000| PB 0x00000000e8000000| Untracked 
| 129|0x00000000e8100000, 0x00000000e8100000, 0x00000000e8200000|  0%| F|  |TAMS 0x00000000e8100000| PB 0x00000000e8100000| Untracked 
| 130|0x00000000e8200000, 0x00000000e8200000, 0x00000000e8300000|  0%| F|  |TAMS 0x00000000e8200000| PB 0x00000000e8200000| Untracked 
| 131|0x00000000e8300000, 0x00000000e8300000, 0x00000000e8400000|  0%| F|  |TAMS 0x00000000e8300000| PB 0x00000000e8300000| Untracked 
| 132|0x00000000e8400000, 0x00000000e8400000, 0x00000000e8500000|  0%| F|  |TAMS 0x00000000e8400000| PB 0x00000000e8400000| Untracked 
| 133|0x00000000e8500000, 0x00000000e8500000, 0x00000000e8600000|  0%| F|  |TAMS 0x00000000e8500000| PB 0x00000000e8500000| Untracked 
| 134|0x00000000e8600000, 0x00000000e8600000, 0x00000000e8700000|  0%| F|  |TAMS 0x00000000e8600000| PB 0x00000000e8600000| Untracked 
| 135|0x00000000e8700000, 0x00000000e8700000, 0x00000000e8800000|  0%| F|  |TAMS 0x00000000e8700000| PB 0x00000000e8700000| Untracked 
| 136|0x00000000e8800000, 0x00000000e8800000, 0x00000000e8900000|  0%| F|  |TAMS 0x00000000e8800000| PB 0x00000000e8800000| Untracked 
| 137|0x00000000e8900000, 0x00000000e8900000, 0x00000000e8a00000|  0%| F|  |TAMS 0x00000000e8900000| PB 0x00000000e8900000| Untracked 
| 138|0x00000000e8a00000, 0x00000000e8a00000, 0x00000000e8b00000|  0%| F|  |TAMS 0x00000000e8a00000| PB 0x00000000e8a00000| Untracked 
| 139|0x00000000e8b00000, 0x00000000e8b00000, 0x00000000e8c00000|  0%| F|  |TAMS 0x00000000e8b00000| PB 0x00000000e8b00000| Untracked 
| 140|0x00000000e8c00000, 0x00000000e8c00000, 0x00000000e8d00000|  0%| F|  |TAMS 0x00000000e8c00000| PB 0x00000000e8c00000| Untracked 
| 141|0x00000000e8d00000, 0x00000000e8d00000, 0x00000000e8e00000|  0%| F|  |TAMS 0x00000000e8d00000| PB 0x00000000e8d00000| Untracked 
| 142|0x00000000e8e00000, 0x00000000e8e00000, 0x00000000e8f00000|  0%| F|  |TAMS 0x00000000e8e00000| PB 0x00000000e8e00000| Untracked 
| 143|0x00000000e8f00000, 0x00000000e8f00000, 0x00000000e9000000|  0%| F|  |TAMS 0x00000000e8f00000| PB 0x00000000e8f00000| Untracked 
| 144|0x00000000e9000000, 0x00000000e9000000, 0x00000000e9100000|  0%| F|  |TAMS 0x00000000e9000000| PB 0x00000000e9000000| Untracked 
| 145|0x00000000e9100000, 0x00000000e9100000, 0x00000000e9200000|  0%| F|  |TAMS 0x00000000e9100000| PB 0x00000000e9100000| Untracked 
| 146|0x00000000e9200000, 0x00000000e9200000, 0x00000000e9300000|  0%| F|  |TAMS 0x00000000e9200000| PB 0x00000000e9200000| Untracked 
| 147|0x00000000e9300000, 0x00000000e9300000, 0x00000000e9400000|  0%| F|  |TAMS 0x00000000e9300000| PB 0x00000000e9300000| Untracked 
| 148|0x00000000e9400000, 0x00000000e9400000, 0x00000000e9500000|  0%| F|  |TAMS 0x00000000e9400000| PB 0x00000000e9400000| Untracked 
| 149|0x00000000e9500000, 0x00000000e9500000, 0x00000000e9600000|  0%| F|  |TAMS 0x00000000e9500000| PB 0x00000000e9500000| Untracked 
| 150|0x00000000e9600000, 0x00000000e9600000, 0x00000000e9700000|  0%| F|  |TAMS 0x00000000e9600000| PB 0x00000000e9600000| Untracked 
| 151|0x00000000e9700000, 0x00000000e9700000, 0x00000000e9800000|  0%| F|  |TAMS 0x00000000e9700000| PB 0x00000000e9700000| Untracked 
| 152|0x00000000e9800000, 0x00000000e9800000, 0x00000000e9900000|  0%| F|  |TAMS 0x00000000e9800000| PB 0x00000000e9800000| Untracked 
| 153|0x00000000e9900000, 0x00000000e9900000, 0x00000000e9a00000|  0%| F|  |TAMS 0x00000000e9900000| PB 0x00000000e9900000| Untracked 
| 154|0x00000000e9a00000, 0x00000000e9a00000, 0x00000000e9b00000|  0%| F|  |TAMS 0x00000000e9a00000| PB 0x00000000e9a00000| Untracked 
| 155|0x00000000e9b00000, 0x00000000e9b00000, 0x00000000e9c00000|  0%| F|  |TAMS 0x00000000e9b00000| PB 0x00000000e9b00000| Untracked 
| 156|0x00000000e9c00000, 0x00000000e9c00000, 0x00000000e9d00000|  0%| F|  |TAMS 0x00000000e9c00000| PB 0x00000000e9c00000| Untracked 
| 157|0x00000000e9d00000, 0x00000000e9d00000, 0x00000000e9e00000|  0%| F|  |TAMS 0x00000000e9d00000| PB 0x00000000e9d00000| Untracked 
| 158|0x00000000e9e00000, 0x00000000e9e00000, 0x00000000e9f00000|  0%| F|  |TAMS 0x00000000e9e00000| PB 0x00000000e9e00000| Untracked 
| 159|0x00000000e9f00000, 0x00000000e9f00000, 0x00000000ea000000|  0%| F|  |TAMS 0x00000000e9f00000| PB 0x00000000e9f00000| Untracked 
| 160|0x00000000ea000000, 0x00000000ea000000, 0x00000000ea100000|  0%| F|  |TAMS 0x00000000ea000000| PB 0x00000000ea000000| Untracked 
| 161|0x00000000ea100000, 0x00000000ea100000, 0x00000000ea200000|  0%| F|  |TAMS 0x00000000ea100000| PB 0x00000000ea100000| Untracked 
| 162|0x00000000ea200000, 0x00000000ea200000, 0x00000000ea300000|  0%| F|  |TAMS 0x00000000ea200000| PB 0x00000000ea200000| Untracked 
| 163|0x00000000ea300000, 0x00000000ea300000, 0x00000000ea400000|  0%| F|  |TAMS 0x00000000ea300000| PB 0x00000000ea300000| Untracked 
| 164|0x00000000ea400000, 0x00000000ea400000, 0x00000000ea500000|  0%| F|  |TAMS 0x00000000ea400000| PB 0x00000000ea400000| Untracked 
| 165|0x00000000ea500000, 0x00000000ea500000, 0x00000000ea600000|  0%| F|  |TAMS 0x00000000ea500000| PB 0x00000000ea500000| Untracked 
| 166|0x00000000ea600000, 0x00000000ea600000, 0x00000000ea700000|  0%| F|  |TAMS 0x00000000ea600000| PB 0x00000000ea600000| Untracked 
| 167|0x00000000ea700000, 0x00000000ea700000, 0x00000000ea800000|  0%| F|  |TAMS 0x00000000ea700000| PB 0x00000000ea700000| Untracked 
| 168|0x00000000ea800000, 0x00000000ea800000, 0x00000000ea900000|  0%| F|  |TAMS 0x00000000ea800000| PB 0x00000000ea800000| Untracked 
| 169|0x00000000ea900000, 0x00000000ea900000, 0x00000000eaa00000|  0%| F|  |TAMS 0x00000000ea900000| PB 0x00000000ea900000| Untracked 
| 170|0x00000000eaa00000, 0x00000000eaa00000, 0x00000000eab00000|  0%| F|  |TAMS 0x00000000eaa00000| PB 0x00000000eaa00000| Untracked 
| 171|0x00000000eab00000, 0x00000000eab00000, 0x00000000eac00000|  0%| F|  |TAMS 0x00000000eab00000| PB 0x00000000eab00000| Untracked 
| 172|0x00000000eac00000, 0x00000000eac00000, 0x00000000ead00000|  0%| F|  |TAMS 0x00000000eac00000| PB 0x00000000eac00000| Untracked 
| 173|0x00000000ead00000, 0x00000000ead00000, 0x00000000eae00000|  0%| F|  |TAMS 0x00000000ead00000| PB 0x00000000ead00000| Untracked 
| 174|0x00000000eae00000, 0x00000000eae00000, 0x00000000eaf00000|  0%| F|  |TAMS 0x00000000eae00000| PB 0x00000000eae00000| Untracked 
| 175|0x00000000eaf00000, 0x00000000eaf00000, 0x00000000eb000000|  0%| F|  |TAMS 0x00000000eaf00000| PB 0x00000000eaf00000| Untracked 
| 176|0x00000000eb000000, 0x00000000eb000000, 0x00000000eb100000|  0%| F|  |TAMS 0x00000000eb000000| PB 0x00000000eb000000| Untracked 
| 177|0x00000000eb100000, 0x00000000eb100000, 0x00000000eb200000|  0%| F|  |TAMS 0x00000000eb100000| PB 0x00000000eb100000| Untracked 
| 178|0x00000000eb200000, 0x00000000eb200000, 0x00000000eb300000|  0%| F|  |TAMS 0x00000000eb200000| PB 0x00000000eb200000| Untracked 
| 179|0x00000000eb300000, 0x00000000eb300000, 0x00000000eb400000|  0%| F|  |TAMS 0x00000000eb300000| PB 0x00000000eb300000| Untracked 
| 180|0x00000000eb400000, 0x00000000eb400000, 0x00000000eb500000|  0%| F|  |TAMS 0x00000000eb400000| PB 0x00000000eb400000| Untracked 
| 181|0x00000000eb500000, 0x00000000eb500000, 0x00000000eb600000|  0%| F|  |TAMS 0x00000000eb500000| PB 0x00000000eb500000| Untracked 
| 182|0x00000000eb600000, 0x00000000eb600000, 0x00000000eb700000|  0%| F|  |TAMS 0x00000000eb600000| PB 0x00000000eb600000| Untracked 
| 183|0x00000000eb700000, 0x00000000eb700000, 0x00000000eb800000|  0%| F|  |TAMS 0x00000000eb700000| PB 0x00000000eb700000| Untracked 
| 184|0x00000000eb800000, 0x00000000eb800000, 0x00000000eb900000|  0%| F|  |TAMS 0x00000000eb800000| PB 0x00000000eb800000| Untracked 
| 185|0x00000000eb900000, 0x00000000eb900000, 0x00000000eba00000|  0%| F|  |TAMS 0x00000000eb900000| PB 0x00000000eb900000| Untracked 
| 186|0x00000000eba00000, 0x00000000eba00000, 0x00000000ebb00000|  0%| F|  |TAMS 0x00000000eba00000| PB 0x00000000eba00000| Untracked 
| 187|0x00000000ebb00000, 0x00000000ebb00000, 0x00000000ebc00000|  0%| F|  |TAMS 0x00000000ebb00000| PB 0x00000000ebb00000| Untracked 
| 188|0x00000000ebc00000, 0x00000000ebc00000, 0x00000000ebd00000|  0%| F|  |TAMS 0x00000000ebc00000| PB 0x00000000ebc00000| Untracked 
| 189|0x00000000ebd00000, 0x00000000ebd58310, 0x00000000ebe00000| 34%| E|  |TAMS 0x00000000ebd00000| PB 0x00000000ebd00000| Complete 
| 190|0x00000000ebe00000, 0x00000000ebf00000, 0x00000000ebf00000|100%| E|CS|TAMS 0x00000000ebe00000| PB 0x00000000ebe00000| Complete 
| 191|0x00000000ebf00000, 0x00000000ec000000, 0x00000000ec000000|100%| E|CS|TAMS 0x00000000ebf00000| PB 0x00000000ebf00000| Complete 
| 192|0x00000000ec000000, 0x00000000ec100000, 0x00000000ec100000|100%| E|CS|TAMS 0x00000000ec000000| PB 0x00000000ec000000| Complete 
| 193|0x00000000ec100000, 0x00000000ec200000, 0x00000000ec200000|100%| E|CS|TAMS 0x00000000ec100000| PB 0x00000000ec100000| Complete 
| 194|0x00000000ec200000, 0x00000000ec300000, 0x00000000ec300000|100%| E|CS|TAMS 0x00000000ec200000| PB 0x00000000ec200000| Complete 
| 195|0x00000000ec300000, 0x00000000ec400000, 0x00000000ec400000|100%| E|CS|TAMS 0x00000000ec300000| PB 0x00000000ec300000| Complete 
| 196|0x00000000ec400000, 0x00000000ec500000, 0x00000000ec500000|100%| E|CS|TAMS 0x00000000ec400000| PB 0x00000000ec400000| Complete 
| 197|0x00000000ec500000, 0x00000000ec600000, 0x00000000ec600000|100%| E|CS|TAMS 0x00000000ec500000| PB 0x00000000ec500000| Complete 
| 198|0x00000000ec600000, 0x00000000ec700000, 0x00000000ec700000|100%| E|  |TAMS 0x00000000ec600000| PB 0x00000000ec600000| Complete 
| 199|0x00000000ec700000, 0x00000000ec800000, 0x00000000ec800000|100%| E|CS|TAMS 0x00000000ec700000| PB 0x00000000ec700000| Complete 
| 200|0x00000000ec800000, 0x00000000ec900000, 0x00000000ec900000|100%| E|CS|TAMS 0x00000000ec800000| PB 0x00000000ec800000| Complete 
| 201|0x00000000ec900000, 0x00000000eca00000, 0x00000000eca00000|100%| E|CS|TAMS 0x00000000ec900000| PB 0x00000000ec900000| Complete 
| 202|0x00000000eca00000, 0x00000000ecb00000, 0x00000000ecb00000|100%| E|CS|TAMS 0x00000000eca00000| PB 0x00000000eca00000| Complete 
| 203|0x00000000ecb00000, 0x00000000ecc00000, 0x00000000ecc00000|100%| E|CS|TAMS 0x00000000ecb00000| PB 0x00000000ecb00000| Complete 
| 204|0x00000000ecc00000, 0x00000000ecd00000, 0x00000000ecd00000|100%| E|CS|TAMS 0x00000000ecc00000| PB 0x00000000ecc00000| Complete 
| 205|0x00000000ecd00000, 0x00000000ece00000, 0x00000000ece00000|100%| E|CS|TAMS 0x00000000ecd00000| PB 0x00000000ecd00000| Complete 
| 206|0x00000000ece00000, 0x00000000ecf00000, 0x00000000ecf00000|100%| E|CS|TAMS 0x00000000ece00000| PB 0x00000000ece00000| Complete 
| 207|0x00000000ecf00000, 0x00000000ed000000, 0x00000000ed000000|100%| E|CS|TAMS 0x00000000ecf00000| PB 0x00000000ecf00000| Complete 
| 208|0x00000000ed000000, 0x00000000ed100000, 0x00000000ed100000|100%| E|CS|TAMS 0x00000000ed000000| PB 0x00000000ed000000| Complete 
| 209|0x00000000ed100000, 0x00000000ed200000, 0x00000000ed200000|100%| E|CS|TAMS 0x00000000ed100000| PB 0x00000000ed100000| Complete 
| 210|0x00000000ed200000, 0x00000000ed300000, 0x00000000ed300000|100%| E|CS|TAMS 0x00000000ed200000| PB 0x00000000ed200000| Complete 
| 211|0x00000000ed300000, 0x00000000ed400000, 0x00000000ed400000|100%| E|CS|TAMS 0x00000000ed300000| PB 0x00000000ed300000| Complete 
| 212|0x00000000ed400000, 0x00000000ed500000, 0x00000000ed500000|100%| E|CS|TAMS 0x00000000ed400000| PB 0x00000000ed400000| Complete 
| 213|0x00000000ed500000, 0x00000000ed600000, 0x00000000ed600000|100%| E|CS|TAMS 0x00000000ed500000| PB 0x00000000ed500000| Complete 
| 214|0x00000000ed600000, 0x00000000ed700000, 0x00000000ed700000|100%| E|CS|TAMS 0x00000000ed600000| PB 0x00000000ed600000| Complete 
| 215|0x00000000ed700000, 0x00000000ed800000, 0x00000000ed800000|100%| E|CS|TAMS 0x00000000ed700000| PB 0x00000000ed700000| Complete 
| 216|0x00000000ed800000, 0x00000000ed900000, 0x00000000ed900000|100%| E|CS|TAMS 0x00000000ed800000| PB 0x00000000ed800000| Complete 
| 217|0x00000000ed900000, 0x00000000eda00000, 0x00000000eda00000|100%| E|CS|TAMS 0x00000000ed900000| PB 0x00000000ed900000| Complete 
| 218|0x00000000eda00000, 0x00000000edb00000, 0x00000000edb00000|100%| E|CS|TAMS 0x00000000eda00000| PB 0x00000000eda00000| Complete 
| 219|0x00000000edb00000, 0x00000000edc00000, 0x00000000edc00000|100%| E|CS|TAMS 0x00000000edb00000| PB 0x00000000edb00000| Complete 
| 220|0x00000000edc00000, 0x00000000edd00000, 0x00000000edd00000|100%| E|CS|TAMS 0x00000000edc00000| PB 0x00000000edc00000| Complete 
| 221|0x00000000edd00000, 0x00000000ede00000, 0x00000000ede00000|100%| E|CS|TAMS 0x00000000edd00000| PB 0x00000000edd00000| Complete 
| 222|0x00000000ede00000, 0x00000000edf00000, 0x00000000edf00000|100%| E|CS|TAMS 0x00000000ede00000| PB 0x00000000ede00000| Complete 
| 223|0x00000000edf00000, 0x00000000ee000000, 0x00000000ee000000|100%| E|CS|TAMS 0x00000000edf00000| PB 0x00000000edf00000| Complete 
| 224|0x00000000ee000000, 0x00000000ee100000, 0x00000000ee100000|100%| E|CS|TAMS 0x00000000ee000000| PB 0x00000000ee000000| Complete 
| 225|0x00000000ee100000, 0x00000000ee200000, 0x00000000ee200000|100%| E|CS|TAMS 0x00000000ee100000| PB 0x00000000ee100000| Complete 
| 226|0x00000000ee200000, 0x00000000ee300000, 0x00000000ee300000|100%| E|CS|TAMS 0x00000000ee200000| PB 0x00000000ee200000| Complete 
| 227|0x00000000ee300000, 0x00000000ee400000, 0x00000000ee400000|100%| E|CS|TAMS 0x00000000ee300000| PB 0x00000000ee300000| Complete 
| 228|0x00000000ee400000, 0x00000000ee500000, 0x00000000ee500000|100%| E|CS|TAMS 0x00000000ee400000| PB 0x00000000ee400000| Complete 
| 229|0x00000000ee500000, 0x00000000ee600000, 0x00000000ee600000|100%| E|CS|TAMS 0x00000000ee500000| PB 0x00000000ee500000| Complete 
| 230|0x00000000ee600000, 0x00000000ee700000, 0x00000000ee700000|100%| E|CS|TAMS 0x00000000ee600000| PB 0x00000000ee600000| Complete 
| 231|0x00000000ee700000, 0x00000000ee800000, 0x00000000ee800000|100%| E|CS|TAMS 0x00000000ee700000| PB 0x00000000ee700000| Complete 
| 232|0x00000000ee800000, 0x00000000ee900000, 0x00000000ee900000|100%| E|CS|TAMS 0x00000000ee800000| PB 0x00000000ee800000| Complete 
| 233|0x00000000ee900000, 0x00000000eea00000, 0x00000000eea00000|100%| E|CS|TAMS 0x00000000ee900000| PB 0x00000000ee900000| Complete 
| 234|0x00000000eea00000, 0x00000000eeb00000, 0x00000000eeb00000|100%| E|CS|TAMS 0x00000000eea00000| PB 0x00000000eea00000| Complete 
| 235|0x00000000eeb00000, 0x00000000eec00000, 0x00000000eec00000|100%| E|CS|TAMS 0x00000000eeb00000| PB 0x00000000eeb00000| Complete 
| 236|0x00000000eec00000, 0x00000000eed00000, 0x00000000eed00000|100%| E|CS|TAMS 0x00000000eec00000| PB 0x00000000eec00000| Complete 
| 237|0x00000000eed00000, 0x00000000eee00000, 0x00000000eee00000|100%| E|CS|TAMS 0x00000000eed00000| PB 0x00000000eed00000| Complete 
| 238|0x00000000eee00000, 0x00000000eef00000, 0x00000000eef00000|100%| E|CS|TAMS 0x00000000eee00000| PB 0x00000000eee00000| Complete 
| 239|0x00000000eef00000, 0x00000000ef000000, 0x00000000ef000000|100%| E|CS|TAMS 0x00000000eef00000| PB 0x00000000eef00000| Complete 
| 240|0x00000000ef000000, 0x00000000ef100000, 0x00000000ef100000|100%| E|CS|TAMS 0x00000000ef000000| PB 0x00000000ef000000| Complete 
| 241|0x00000000ef100000, 0x00000000ef200000, 0x00000000ef200000|100%| E|CS|TAMS 0x00000000ef100000| PB 0x00000000ef100000| Complete 
| 242|0x00000000ef200000, 0x00000000ef300000, 0x00000000ef300000|100%| E|CS|TAMS 0x00000000ef200000| PB 0x00000000ef200000| Complete 
| 243|0x00000000ef300000, 0x00000000ef400000, 0x00000000ef400000|100%| E|CS|TAMS 0x00000000ef300000| PB 0x00000000ef300000| Complete 
| 244|0x00000000ef400000, 0x00000000ef500000, 0x00000000ef500000|100%| E|CS|TAMS 0x00000000ef400000| PB 0x00000000ef400000| Complete 
| 245|0x00000000ef500000, 0x00000000ef600000, 0x00000000ef600000|100%| E|CS|TAMS 0x00000000ef500000| PB 0x00000000ef500000| Complete 
| 246|0x00000000ef600000, 0x00000000ef700000, 0x00000000ef700000|100%| E|CS|TAMS 0x00000000ef600000| PB 0x00000000ef600000| Complete 
| 247|0x00000000ef700000, 0x00000000ef800000, 0x00000000ef800000|100%| E|CS|TAMS 0x00000000ef700000| PB 0x00000000ef700000| Complete 
| 248|0x00000000ef800000, 0x00000000ef900000, 0x00000000ef900000|100%| E|CS|TAMS 0x00000000ef800000| PB 0x00000000ef800000| Complete 
| 249|0x00000000ef900000, 0x00000000efa00000, 0x00000000efa00000|100%| E|CS|TAMS 0x00000000ef900000| PB 0x00000000ef900000| Complete 
| 250|0x00000000efa00000, 0x00000000efb00000, 0x00000000efb00000|100%| E|CS|TAMS 0x00000000efa00000| PB 0x00000000efa00000| Complete 
| 251|0x00000000efb00000, 0x00000000efc00000, 0x00000000efc00000|100%| E|CS|TAMS 0x00000000efb00000| PB 0x00000000efb00000| Complete 
| 252|0x00000000efc00000, 0x00000000efd00000, 0x00000000efd00000|100%| E|CS|TAMS 0x00000000efc00000| PB 0x00000000efc00000| Complete 
| 253|0x00000000efd00000, 0x00000000efe00000, 0x00000000efe00000|100%| E|CS|TAMS 0x00000000efd00000| PB 0x00000000efd00000| Complete 
| 254|0x00000000efe00000, 0x00000000eff00000, 0x00000000eff00000|100%| E|CS|TAMS 0x00000000efe00000| PB 0x00000000efe00000| Complete 
| 255|0x00000000eff00000, 0x00000000f0000000, 0x00000000f0000000|100%| E|CS|TAMS 0x00000000eff00000| PB 0x00000000eff00000| Complete 

Card table byte_map: [0x0000028e79ad0000,0x0000028e79bd0000] _byte_map_base: 0x0000028e793d0000

Marking Bits: (CMBitMap*) 0x0000028e609c1660
 Bits: [0x0000028e79bd0000, 0x0000028e7a3d0000)

Polling page: 0x0000028e60a60000

Metaspace:

Usage:
  Non-class:     57.65 MB used.
      Class:      9.36 MB used.
       Both:     67.01 MB used.

Virtual space:
  Non-class space:       64.00 MB reserved,      58.56 MB ( 92%) committed,  1 nodes.
      Class space:      320.00 MB reserved,      10.25 MB (  3%) committed,  1 nodes.
             Both:      384.00 MB reserved,      68.81 MB ( 18%) committed. 

Chunk freelists:
   Non-Class:  4.89 MB
       Class:  5.69 MB
        Both:  10.58 MB

MaxMetaspaceSize: 384.00 MB
CompressedClassSpaceSize: 320.00 MB
Initial GC threshold: 21.00 MB
Current GC threshold: 99.31 MB
CDS: on
 - commit_granule_bytes: 65536.
 - commit_granule_words: 8192.
 - virtual_space_node_default_size: 8388608.
 - enlarge_chunks_in_place: 1.
 - use_allocation_guard: 0.


Internal statistics:

num_allocs_failed_limit: 15.
num_arena_births: 3370.
num_arena_deaths: 0.
num_vsnodes_births: 2.
num_vsnodes_deaths: 0.
num_space_committed: 1101.
num_space_uncommitted: 0.
num_chunks_returned_to_freelist: 15.
num_chunks_taken_from_freelist: 6486.
num_chunk_merges: 12.
num_chunk_splits: 4217.
num_chunks_enlarged: 2582.
num_inconsistent_stats: 0.

CodeHeap 'non-profiled nmethods': size=120064Kb used=5900Kb max_used=5900Kb free=114163Kb
 bounds [0x0000028e72090000, 0x0000028e72660000, 0x0000028e795d0000]
CodeHeap 'profiled nmethods': size=120000Kb used=19764Kb max_used=19764Kb free=100235Kb
 bounds [0x0000028e6a5d0000, 0x0000028e6b920000, 0x0000028e71b00000]
CodeHeap 'non-nmethods': size=5696Kb used=2789Kb max_used=2835Kb free=2906Kb
 bounds [0x0000028e71b00000, 0x0000028e71de0000, 0x0000028e72090000]
 total_blobs=10833 nmethods=9930 adapters=807
 compilation: enabled
              stopped_count=0, restarted_count=0
 full_count=0

Compilation events (20 events):
Event: 1290.564 Thread 0x0000028e7c7d5bf0 nmethod 10800 0x0000028e7264ff10 code [0x0000028e726500a0, 0x0000028e72650168]
Event: 1319.559 Thread 0x0000028e7c7d3db0 10801       4       java.util.concurrent.ThreadPoolExecutor::runStateAtLeast (11 bytes)
Event: 1319.560 Thread 0x0000028e7c7d3db0 nmethod 10801 0x0000028e72650210 code [0x0000028e72650380, 0x0000028e726503f8]
Event: 1340.550 Thread 0x0000028e7c7d5bf0 10802       3       org.gradle.util.GradleVersion::current (4 bytes)
Event: 1340.552 Thread 0x0000028e7c7d5bf0 nmethod 10802 0x0000028e6b919710 code [0x0000028e6b9198c0, 0x0000028e6b919a10]
Event: 1340.553 Thread 0x0000028e7c7d5bf0 10803       3       org.gradle.util.internal.DefaultGradleVersion::current (4 bytes)
Event: 1340.553 Thread 0x0000028e7c7d5bf0 nmethod 10803 0x0000028e6b919b10 code [0x0000028e6b919ca0, 0x0000028e6b919d98]
Event: 1350.539 Thread 0x0000028e7c7d5bf0 10804   !   3       org.gradle.cache.internal.filelock.LockStateAccess::tryLock (33 bytes)
Event: 1350.544 Thread 0x0000028e7c7d5bf0 nmethod 10804 0x0000028e6b919e10 code [0x0000028e6b91a000, 0x0000028e6b91a4b8]
Event: 1352.976 Thread 0x0000028e7c7d3db0 10805       4       java.util.stream.ReduceOps$ReduceOp::evaluateSequential (18 bytes)
Event: 1352.992 Thread 0x0000028e7c7d3db0 nmethod 10805 0x0000028e72650510 code [0x0000028e726506c0, 0x0000028e726508e0]
Event: 1371.981 Thread 0x0000028e7c7d3db0 10806       4       java.util.stream.ReferencePipeline::collect (124 bytes)
Event: 1372.020 Thread 0x0000028e7c7d3db0 nmethod 10806 0x0000028e72650a90 code [0x0000028e72650d20, 0x0000028e72651758]
Event: 1390.546 Thread 0x0000028e7c7d5bf0 10807   !   3       org.gradle.cache.internal.locklistener.DefaultFileLockContentionHandler::getCommunicator (63 bytes)
Event: 1390.550 Thread 0x0000028e7c7d5bf0 nmethod 10807 0x0000028e6b91a710 code [0x0000028e6b91a920, 0x0000028e6b91af98]
Event: 1390.550 Thread 0x0000028e7c7d5bf0 10808   !   3       org.gradle.cache.internal.DefaultFileLockManager$DefaultFileLock::<init> (246 bytes)
Event: 1390.559 Thread 0x0000028e7c7d5bf0 nmethod 10808 0x0000028e6b91b290 code [0x0000028e6b91b5e0, 0x0000028e6b91c930]
Event: 2006.224 Thread 0x0000028e7c7d3db0 10809       4       java.util.concurrent.ScheduledThreadPoolExecutor::canRunInCurrentRunState (61 bytes)
Event: 2006.226 Thread 0x0000028e7c7d3db0 nmethod 10809 0x0000028e72652310 code [0x0000028e726524a0, 0x0000028e72652568]
Event: 2006.236 Thread 0x0000028e7c7d5bf0 10810   !   3       java.util.concurrent.ThreadPoolExecutor::runWorker (187 bytes)

GC Heap History (20 events):
Event: 6.575 GC heap before
{Heap before GC invocations=2 (full 0):
 garbage-first heap   total 262144K, used 20709K [0x00000000e0000000, 0x0000000100000000)
  region size 1024K, 13 young (13312K), 2 survivors (2048K)
 Metaspace       used 3978K, committed 4160K, reserved 393216K
  class space    used 482K, committed 576K, reserved 327680K
}
Event: 6.579 GC heap after
{Heap after GC invocations=3 (full 0):
 garbage-first heap   total 262144K, used 11179K [0x00000000e0000000, 0x0000000100000000)
  region size 1024K, 1 young (1024K), 1 survivors (1024K)
 Metaspace       used 3978K, committed 4160K, reserved 393216K
  class space    used 482K, committed 576K, reserved 327680K
}
Event: 7.816 GC heap before
{Heap before GC invocations=3 (full 0):
 garbage-first heap   total 262144K, used 33707K [0x00000000e0000000, 0x0000000100000000)
  region size 1024K, 23 young (23552K), 1 survivors (1024K)
 Metaspace       used 4139K, committed 4416K, reserved 393216K
  class space    used 499K, committed 640K, reserved 327680K
}
Event: 7.823 GC heap after
{Heap after GC invocations=4 (full 0):
 garbage-first heap   total 262144K, used 15202K [0x00000000e0000000, 0x0000000100000000)
  region size 1024K, 3 young (3072K), 3 survivors (3072K)
 Metaspace       used 4139K, committed 4416K, reserved 393216K
  class space    used 499K, committed 640K, reserved 327680K
}
Event: 18.178 GC heap before
{Heap before GC invocations=4 (full 0):
 garbage-first heap   total 262144K, used 95074K [0x00000000e0000000, 0x0000000100000000)
  region size 1024K, 82 young (83968K), 3 survivors (3072K)
 Metaspace       used 20780K, committed 21504K, reserved 393216K
  class space    used 3057K, committed 3456K, reserved 327680K
}
Event: 18.216 GC heap after
{Heap after GC invocations=5 (full 0):
 garbage-first heap   total 262144K, used 23268K [0x00000000e0000000, 0x0000000100000000)
  region size 1024K, 11 young (11264K), 11 survivors (11264K)
 Metaspace       used 20780K, committed 21504K, reserved 393216K
  class space    used 3057K, committed 3456K, reserved 327680K
}
Event: 23.142 GC heap before
{Heap before GC invocations=6 (full 0):
 garbage-first heap   total 262144K, used 88804K [0x00000000e0000000, 0x0000000100000000)
  region size 1024K, 76 young (77824K), 11 survivors (11264K)
 Metaspace       used 30349K, committed 31552K, reserved 393216K
  class space    used 4441K, committed 5056K, reserved 327680K
}
Event: 23.180 GC heap after
{Heap after GC invocations=7 (full 0):
 garbage-first heap   total 262144K, used 28083K [0x00000000e0000000, 0x0000000100000000)
  region size 1024K, 5 young (5120K), 5 survivors (5120K)
 Metaspace       used 30349K, committed 31552K, reserved 393216K
  class space    used 4441K, committed 5056K, reserved 327680K
}
Event: 212.295 GC heap before
{Heap before GC invocations=7 (full 0):
 garbage-first heap   total 262144K, used 83379K [0x00000000e0000000, 0x0000000100000000)
  region size 1024K, 61 young (62464K), 5 survivors (5120K)
 Metaspace       used 34855K, committed 35968K, reserved 393216K
  class space    used 5077K, committed 5632K, reserved 327680K
}
Event: 212.437 GC heap after
{Heap after GC invocations=8 (full 0):
 garbage-first heap   total 262144K, used 30169K [0x00000000e0000000, 0x0000000100000000)
  region size 1024K, 7 young (7168K), 7 survivors (7168K)
 Metaspace       used 34855K, committed 35968K, reserved 393216K
  class space    used 5077K, committed 5632K, reserved 327680K
}
Event: 213.356 GC heap before
{Heap before GC invocations=8 (full 0):
 garbage-first heap   total 262144K, used 32217K [0x00000000e0000000, 0x0000000100000000)
  region size 1024K, 10 young (10240K), 7 survivors (7168K)
 Metaspace       used 35084K, committed 36288K, reserved 393216K
  class space    used 5116K, committed 5696K, reserved 327680K
}
Event: 213.378 GC heap after
{Heap after GC invocations=9 (full 0):
 garbage-first heap   total 262144K, used 30720K [0x00000000e0000000, 0x0000000100000000)
  region size 1024K, 4 young (4096K), 4 survivors (4096K)
 Metaspace       used 35084K, committed 36288K, reserved 393216K
  class space    used 5116K, committed 5696K, reserved 327680K
}
Event: 220.981 GC heap before
{Heap before GC invocations=10 (full 0):
 garbage-first heap   total 262144K, used 154624K [0x00000000e0000000, 0x0000000100000000)
  region size 1024K, 122 young (124928K), 4 survivors (4096K)
 Metaspace       used 53174K, committed 55040K, reserved 393216K
  class space    used 7613K, committed 8512K, reserved 327680K
}
Event: 221.039 GC heap after
{Heap after GC invocations=11 (full 0):
 garbage-first heap   total 262144K, used 39424K [0x00000000e0000000, 0x0000000100000000)
  region size 1024K, 13 young (13312K), 13 survivors (13312K)
 Metaspace       used 53174K, committed 55040K, reserved 393216K
  class space    used 7613K, committed 8512K, reserved 327680K
}
Event: 223.195 GC heap before
{Heap before GC invocations=11 (full 0):
 garbage-first heap   total 262144K, used 84480K [0x00000000e0000000, 0x0000000100000000)
  region size 1024K, 59 young (60416K), 13 survivors (13312K)
 Metaspace       used 58752K, committed 60608K, reserved 393216K
  class space    used 8531K, committed 9472K, reserved 327680K
}
Event: 223.274 GC heap after
{Heap after GC invocations=12 (full 0):
 garbage-first heap   total 262144K, used 43520K [0x00000000e0000000, 0x0000000100000000)
  region size 1024K, 5 young (5120K), 5 survivors (5120K)
 Metaspace       used 58752K, committed 60608K, reserved 393216K
  class space    used 8531K, committed 9472K, reserved 327680K
}
Event: 223.618 GC heap before
{Heap before GC invocations=12 (full 0):
 garbage-first heap   total 262144K, used 43520K [0x00000000e0000000, 0x0000000100000000)
  region size 1024K, 6 young (6144K), 5 survivors (5120K)
 Metaspace       used 59108K, committed 60928K, reserved 393216K
  class space    used 8565K, committed 9472K, reserved 327680K
}
Event: 223.630 GC heap after
{Heap after GC invocations=13 (full 0):
 garbage-first heap   total 262144K, used 43520K [0x00000000e0000000, 0x0000000100000000)
  region size 1024K, 5 young (5120K), 5 survivors (5120K)
 Metaspace       used 59108K, committed 60928K, reserved 393216K
  class space    used 8565K, committed 9472K, reserved 327680K
}
Event: 379.209 GC heap before
{Heap before GC invocations=14 (full 0):
 garbage-first heap   total 262144K, used 194048K [0x00000000e0000000, 0x0000000100000000)
  region size 1024K, 153 young (156672K), 5 survivors (5120K)
 Metaspace       used 68204K, committed 70080K, reserved 393216K
  class space    used 9585K, committed 10496K, reserved 327680K
}
Event: 379.323 GC heap after
{Heap after GC invocations=15 (full 0):
 garbage-first heap   total 262144K, used 50322K [0x00000000e0000000, 0x0000000100000000)
  region size 1024K, 12 young (12288K), 12 survivors (12288K)
 Metaspace       used 68204K, committed 70080K, reserved 393216K
  class space    used 9585K, committed 10496K, reserved 327680K
}

Dll operation events (13 events):
Event: 0.019 Loaded shared library C:\Program Files\Java\jdk-21\bin\java.dll
Event: 0.415 Loaded shared library C:\Program Files\Java\jdk-21\bin\jsvml.dll
Event: 0.429 Loaded shared library C:\Program Files\Java\jdk-21\bin\net.dll
Event: 0.442 Loaded shared library C:\Program Files\Java\jdk-21\bin\nio.dll
Event: 0.459 Loaded shared library C:\Program Files\Java\jdk-21\bin\zip.dll
Event: 2.866 Loaded shared library C:\Program Files\Java\jdk-21\bin\jimage.dll
Event: 3.564 Loaded shared library C:\Program Files\Java\jdk-21\bin\verify.dll
Event: 5.230 Loaded shared library C:\Users\ASUS\.gradle\native\68d5fa5c4cc2d200863cafc0d521ce42e7d3e7ee720ec0a83991735586a16f82\windows-amd64\native-platform.dll
Event: 5.278 Loaded shared library C:\Users\ASUS\.gradle\native\e376f236ea51e6404a007f0833ffe2c6e607c4080706a723a18a27aeea778392\windows-amd64\native-platform-file-events.dll
Event: 8.802 Loaded shared library C:\Program Files\Java\jdk-21\bin\management.dll
Event: 8.811 Loaded shared library C:\Program Files\Java\jdk-21\bin\management_ext.dll
Event: 9.800 Loaded shared library C:\Program Files\Java\jdk-21\bin\extnet.dll
Event: 10.576 Loaded shared library C:\Program Files\Java\jdk-21\bin\sunmscapi.dll

Deoptimization events (20 events):
Event: 680.978 Thread 0x0000028e7d54e360 Uncommon trap: trap_request=0xffffffd6 fr.pc=0x0000028e726426c0 relative=0x0000000000000700
Event: 680.978 Thread 0x0000028e7d54e360 Uncommon trap: reason=array_check action=maybe_recompile pc=0x0000028e726426c0 method=java.util.ComparableTimSort.reverseRange([Ljava/lang/Object;II)V @ 20 c2
Event: 680.978 Thread 0x0000028e7d54e360 DEOPT PACKING pc=0x0000028e726426c0 sp=0x000000d61e3fe930
Event: 680.978 Thread 0x0000028e7d54e360 DEOPT UNPACKING pc=0x0000028e71b5469c sp=0x000000d61e3fe8e0 mode 2
Event: 680.978 Thread 0x0000028e7d54e360 Uncommon trap: trap_request=0xffffffd6 fr.pc=0x0000028e726426c0 relative=0x0000000000000700
Event: 680.978 Thread 0x0000028e7d54e360 Uncommon trap: reason=array_check action=maybe_recompile pc=0x0000028e726426c0 method=java.util.ComparableTimSort.reverseRange([Ljava/lang/Object;II)V @ 20 c2
Event: 680.978 Thread 0x0000028e7d54e360 DEOPT PACKING pc=0x0000028e726426c0 sp=0x000000d61e3fe930
Event: 680.978 Thread 0x0000028e7d54e360 DEOPT UNPACKING pc=0x0000028e71b5469c sp=0x000000d61e3fe8e0 mode 2
Event: 680.978 Thread 0x0000028e7d54e360 Uncommon trap: trap_request=0xffffffd6 fr.pc=0x0000028e726426c0 relative=0x0000000000000700
Event: 680.978 Thread 0x0000028e7d54e360 Uncommon trap: reason=array_check action=maybe_recompile pc=0x0000028e726426c0 method=java.util.ComparableTimSort.reverseRange([Ljava/lang/Object;II)V @ 20 c2
Event: 680.978 Thread 0x0000028e7d54e360 DEOPT PACKING pc=0x0000028e726426c0 sp=0x000000d61e3fe930
Event: 680.978 Thread 0x0000028e7d54e360 DEOPT UNPACKING pc=0x0000028e71b5469c sp=0x000000d61e3fe8e0 mode 2
Event: 696.981 Thread 0x0000028e7d54e360 Uncommon trap: trap_request=0xffffffd6 fr.pc=0x0000028e72643f48 relative=0x00000000000008e8
Event: 696.981 Thread 0x0000028e7d54e360 Uncommon trap: reason=array_check action=maybe_recompile pc=0x0000028e72643f48 method=java.util.ComparableTimSort.reverseRange([Ljava/lang/Object;II)V @ 27 c2
Event: 696.981 Thread 0x0000028e7d54e360 DEOPT PACKING pc=0x0000028e72643f48 sp=0x000000d61e3fe920
Event: 696.981 Thread 0x0000028e7d54e360 DEOPT UNPACKING pc=0x0000028e71b5469c sp=0x000000d61e3fe8e0 mode 2
Event: 696.981 Thread 0x0000028e7d54e360 Uncommon trap: trap_request=0xffffffd6 fr.pc=0x0000028e72643f48 relative=0x00000000000008e8
Event: 696.981 Thread 0x0000028e7d54e360 Uncommon trap: reason=array_check action=maybe_recompile pc=0x0000028e72643f48 method=java.util.ComparableTimSort.reverseRange([Ljava/lang/Object;II)V @ 27 c2
Event: 696.981 Thread 0x0000028e7d54e360 DEOPT PACKING pc=0x0000028e72643f48 sp=0x000000d61e3fe920
Event: 696.981 Thread 0x0000028e7d54e360 DEOPT UNPACKING pc=0x0000028e71b5469c sp=0x000000d61e3fe8e0 mode 2

Classes loaded (20 events):
Event: 228.019 Loading class java/lang/ProcessHandleImpl
Event: 228.025 Loading class java/lang/ProcessHandleImpl done
Event: 228.029 Loading class java/lang/ProcessImpl$2
Event: 228.030 Loading class java/lang/ProcessImpl$2 done
Event: 228.030 Loading class java/lang/Process$PipeInputStream
Event: 228.030 Loading class java/lang/Process$PipeInputStream done
Event: 228.030 Loading class jdk/internal/event/ProcessStartEvent
Event: 228.031 Loading class jdk/internal/event/ProcessStartEvent done
Event: 228.317 Loading class java/lang/invoke/WrongMethodTypeException
Event: 228.318 Loading class java/lang/invoke/WrongMethodTypeException done
Event: 228.462 Loading class java/io/NotSerializableException
Event: 228.464 Loading class java/io/NotSerializableException done
Event: 267.846 Loading class java/util/concurrent/RecursiveAction
Event: 267.847 Loading class java/util/concurrent/RecursiveAction done
Event: 297.341 Loading class java/time/Instant$1
Event: 297.342 Loading class java/time/Instant$1 done
Event: 321.881 Loading class sun/net/ConnectionResetException
Event: 321.898 Loading class sun/net/ConnectionResetException done
Event: 322.330 Loading class java/lang/Throwable$WrappedPrintWriter
Event: 322.336 Loading class java/lang/Throwable$WrappedPrintWriter done

Classes unloaded (0 events):
No events

Classes redefined (0 events):
No events

Internal exceptions (20 events):
Event: 373.834 Thread 0x0000028e7eda9920 Exception <a 'java/io/IOException'{0x00000000e98e8530}: Connection reset by peer> (0x00000000e98e8530) 
thrown [s\open\src\hotspot\share\prims\jni.cpp, line 539]
Event: 374.555 Thread 0x0000028e7edaee70 Exception <a 'java/io/IOException'{0x00000000e6f01c00}: Connection reset by peer> (0x00000000e6f01c00) 
thrown [s\open\src\hotspot\share\prims\jni.cpp, line 539]
Event: 374.555 Thread 0x0000028e7edaee70 Exception <a 'java/io/IOException'{0x00000000e6f03358}: Connection reset by peer> (0x00000000e6f03358) 
thrown [s\open\src\hotspot\share\prims\jni.cpp, line 539]
Event: 374.555 Thread 0x0000028e7edaee70 Exception <a 'java/io/IOException'{0x00000000e6f04800}: Connection reset by peer> (0x00000000e6f04800) 
thrown [s\open\src\hotspot\share\prims\jni.cpp, line 539]
Event: 374.555 Thread 0x0000028e7edaee70 Exception <a 'java/io/IOException'{0x00000000e6f059f8}: Connection reset by peer> (0x00000000e6f059f8) 
thrown [s\open\src\hotspot\share\prims\jni.cpp, line 539]
Event: 374.594 Thread 0x0000028e7edaee70 Exception <a 'java/io/IOException'{0x00000000e6f19ed0}: Connection reset by peer> (0x00000000e6f19ed0) 
thrown [s\open\src\hotspot\share\prims\jni.cpp, line 539]
Event: 374.595 Thread 0x0000028e7edaee70 Exception <a 'java/io/IOException'{0x00000000e6f1cbd8}: Connection reset by peer> (0x00000000e6f1cbd8) 
thrown [s\open\src\hotspot\share\prims\jni.cpp, line 539]
Event: 379.571 Thread 0x0000028e19c54da0 Exception <a 'sun/nio/fs/WindowsException'{0x00000000efa5c3d0}> (0x00000000efa5c3d0) 
thrown [s\open\src\hotspot\share\prims\jni.cpp, line 520]
Event: 379.884 Thread 0x0000028e19c54da0 Exception <a 'sun/nio/fs/WindowsException'{0x00000000eea9bad8}> (0x00000000eea9bad8) 
thrown [s\open\src\hotspot\share\prims\jni.cpp, line 520]
Event: 379.885 Thread 0x0000028e19c54da0 Exception <a 'sun/nio/fs/WindowsException'{0x00000000eea9cf30}> (0x00000000eea9cf30) 
thrown [s\open\src\hotspot\share\prims\jni.cpp, line 520]
Event: 380.081 Thread 0x0000028e19c54da0 Exception <a 'sun/nio/fs/WindowsException'{0x00000000ee4b9f28}> (0x00000000ee4b9f28) 
thrown [s\open\src\hotspot\share\prims\jni.cpp, line 520]
Event: 380.152 Thread 0x0000028e19c54da0 Exception <a 'sun/nio/fs/WindowsException'{0x00000000ee399900}> (0x00000000ee399900) 
thrown [s\open\src\hotspot\share\prims\jni.cpp, line 520]
Event: 462.753 Thread 0x0000028e19ae7970 Exception <a 'sun/net/ConnectionResetException'{0x00000000edd4d500}: Connection reset> (0x00000000edd4d500) 
thrown [s\open\src\hotspot\share\prims\jni.cpp, line 539]
Event: 462.823 Thread 0x0000028e19ae1070 Exception <a 'java/io/IOException'{0x00000000eff36a88}: Connection reset by peer> (0x00000000eff36a88) 
thrown [s\open\src\hotspot\share\prims\jni.cpp, line 539]
Event: 463.007 Thread 0x0000028e7edaee70 Exception <a 'java/io/IOException'{0x00000000edbcd778}: Connection reset by peer> (0x00000000edbcd778) 
thrown [s\open\src\hotspot\share\prims\jni.cpp, line 539]
Event: 463.007 Thread 0x0000028e7edaee70 Exception <a 'java/io/IOException'{0x00000000edbceed0}: Connection reset by peer> (0x00000000edbceed0) 
thrown [s\open\src\hotspot\share\prims\jni.cpp, line 539]
Event: 463.008 Thread 0x0000028e7edaee70 Exception <a 'java/io/IOException'{0x00000000edbd0378}: Connection reset by peer> (0x00000000edbd0378) 
thrown [s\open\src\hotspot\share\prims\jni.cpp, line 539]
Event: 463.008 Thread 0x0000028e7edaee70 Exception <a 'java/io/IOException'{0x00000000edbd1570}: Connection reset by peer> (0x00000000edbd1570) 
thrown [s\open\src\hotspot\share\prims\jni.cpp, line 539]
Event: 463.019 Thread 0x0000028e7edaee70 Exception <a 'java/io/IOException'{0x00000000edbe5e88}: Connection reset by peer> (0x00000000edbe5e88) 
thrown [s\open\src\hotspot\share\prims\jni.cpp, line 539]
Event: 463.020 Thread 0x0000028e7edaee70 Exception <a 'java/io/IOException'{0x00000000edbe8b90}: Connection reset by peer> (0x00000000edbe8b90) 
thrown [s\open\src\hotspot\share\prims\jni.cpp, line 539]

ZGC Phase Switch (0 events):
No events

VM Operations (20 events):
Event: 1067.712 Executing VM operation: Cleanup
Event: 1067.712 Executing VM operation: Cleanup done
Event: 1161.340 Executing VM operation: Cleanup
Event: 1161.340 Executing VM operation: Cleanup done
Event: 1175.430 Executing VM operation: Cleanup
Event: 1175.430 Executing VM operation: Cleanup done
Event: 1191.514 Executing VM operation: Cleanup
Event: 1191.514 Executing VM operation: Cleanup done
Event: 1200.558 Executing VM operation: Cleanup
Event: 1200.558 Executing VM operation: Cleanup done
Event: 1280.027 Executing VM operation: Cleanup
Event: 1280.028 Executing VM operation: Cleanup done
Event: 1301.159 Executing VM operation: Cleanup
Event: 1301.159 Executing VM operation: Cleanup done
Event: 1354.558 Executing VM operation: Cleanup
Event: 1354.559 Executing VM operation: Cleanup done
Event: 1373.716 Executing VM operation: Cleanup
Event: 1373.716 Executing VM operation: Cleanup done
Event: 1400.834 Executing VM operation: Cleanup
Event: 1400.834 Executing VM operation: Cleanup done

Events (20 events):
Event: 469.288 Thread 0x0000028e7edaacd0 Thread added: 0x0000028e7edaacd0
Event: 469.341 Thread 0x0000028e19ae8000 Thread added: 0x0000028e19ae8000
Event: 469.385 Thread 0x0000028e19ae58a0 Thread added: 0x0000028e19ae58a0
Event: 469.386 Thread 0x0000028e19ae4b80 Thread added: 0x0000028e19ae4b80
Event: 469.386 Thread 0x0000028e19ae1d90 Thread added: 0x0000028e19ae1d90
Event: 469.386 Thread 0x0000028e19ae2ab0 Thread added: 0x0000028e19ae2ab0
Event: 469.542 Thread 0x0000028e19ae37d0 Thread added: 0x0000028e19ae37d0
Event: 469.550 Thread 0x0000028e19ae3140 Thread added: 0x0000028e19ae3140
Event: 469.557 Thread 0x0000028e19ae6c50 Thread added: 0x0000028e19ae6c50
Event: 469.671 Thread 0x0000028e19ae7970 Thread added: 0x0000028e19ae7970
Event: 469.671 Thread 0x0000028e19ae5210 Thread added: 0x0000028e19ae5210
Event: 469.672 Thread 0x0000028e19ae72e0 Thread added: 0x0000028e19ae72e0
Event: 469.672 Thread 0x0000028e19ae3e60 Thread added: 0x0000028e19ae3e60
Event: 469.672 Thread 0x0000028e19ae1070 Thread added: 0x0000028e19ae1070
Event: 469.672 Thread 0x0000028e19ae65c0 Thread added: 0x0000028e19ae65c0
Event: 469.672 Thread 0x0000028e19c588b0 Thread added: 0x0000028e19c588b0
Event: 469.672 Thread 0x0000028e19c58f40 Thread added: 0x0000028e19c58f40
Event: 469.672 Thread 0x0000028e19c57500 Thread added: 0x0000028e19c57500
Event: 469.673 Thread 0x0000028e19c595d0 Thread added: 0x0000028e19c595d0
Event: 522.783 Thread 0x0000028e19c54da0 Thread exited: 0x0000028e19c54da0


Dynamic libraries:
0x00007ff6d4a30000 - 0x00007ff6d4a40000 	C:\Program Files\Java\jdk-21\bin\java.exe
0x00007ffcd75d0000 - 0x00007ffcd77e7000 	C:\WINDOWS\SYSTEM32\ntdll.dll
0x00007ffcd63d0000 - 0x00007ffcd6494000 	C:\WINDOWS\System32\KERNEL32.DLL
0x00007ffcd4e30000 - 0x00007ffcd51d7000 	C:\WINDOWS\System32\KERNELBASE.dll
0x00007ffcd4a10000 - 0x00007ffcd4b21000 	C:\WINDOWS\System32\ucrtbase.dll
0x00007ffcc1020000 - 0x00007ffcc1039000 	C:\Program Files\Java\jdk-21\bin\jli.dll
0x00007ffcd5350000 - 0x00007ffcd5402000 	C:\WINDOWS\System32\ADVAPI32.dll
0x00007ffcd74e0000 - 0x00007ffcd7587000 	C:\WINDOWS\System32\msvcrt.dll
0x00007ffcd6ec0000 - 0x00007ffcd6f68000 	C:\WINDOWS\System32\sechost.dll
0x00007ffcd4b30000 - 0x00007ffcd4b58000 	C:\WINDOWS\System32\bcrypt.dll
0x00007ffcd6810000 - 0x00007ffcd6925000 	C:\WINDOWS\System32\RPCRT4.dll
0x00007ffcd6220000 - 0x00007ffcd63ce000 	C:\WINDOWS\System32\USER32.dll
0x00007ffcd4970000 - 0x00007ffcd4996000 	C:\WINDOWS\System32\win32u.dll
0x00007ffcd74b0000 - 0x00007ffcd74d9000 	C:\WINDOWS\System32\GDI32.dll
0x00007ffcd51e0000 - 0x00007ffcd52f9000 	C:\WINDOWS\System32\gdi32full.dll
0x00007ffcd4d90000 - 0x00007ffcd4e2a000 	C:\WINDOWS\System32\msvcp_win.dll
0x00007ffcb72e0000 - 0x00007ffcb72fb000 	C:\Program Files\Java\jdk-21\bin\VCRUNTIME140.dll
0x00007ffcc37f0000 - 0x00007ffcc3a83000 	C:\WINDOWS\WinSxS\amd64_microsoft.windows.common-controls_6595b64144ccf1df_6.0.22621.3527_none_270e469b73872a76\COMCTL32.dll
0x00007ffcc3d50000 - 0x00007ffcc3d5a000 	C:\WINDOWS\SYSTEM32\VERSION.dll
0x00007ffcd6f70000 - 0x00007ffcd6fa1000 	C:\WINDOWS\System32\IMM32.DLL
0x00007ffcc7d60000 - 0x00007ffcc7d6c000 	C:\Program Files\Java\jdk-21\bin\vcruntime140_1.dll
0x00007ffc93810000 - 0x00007ffc9389e000 	C:\Program Files\Java\jdk-21\bin\msvcp140.dll
0x00007ffc4a390000 - 0x00007ffc4b0a5000 	C:\Program Files\Java\jdk-21\bin\server\jvm.dll
0x00007ffcd7430000 - 0x00007ffcd74a1000 	C:\WINDOWS\System32\WS2_32.dll
0x00007ffcd4600000 - 0x00007ffcd464d000 	C:\WINDOWS\SYSTEM32\POWRPROF.dll
0x00007ffcc7c60000 - 0x00007ffcc7c94000 	C:\WINDOWS\SYSTEM32\WINMM.dll
0x00007ffcd45e0000 - 0x00007ffcd45f3000 	C:\WINDOWS\SYSTEM32\UMPDC.dll
0x00007ffcd3880000 - 0x00007ffcd3898000 	C:\WINDOWS\SYSTEM32\kernel.appcore.dll
0x00007ffcc20d0000 - 0x00007ffcc20da000 	C:\Program Files\Java\jdk-21\bin\jimage.dll
0x00007ffcd2160000 - 0x00007ffcd2392000 	C:\WINDOWS\SYSTEM32\DBGHELP.DLL
0x00007ffcd6b20000 - 0x00007ffcd6ea8000 	C:\WINDOWS\System32\combase.dll
0x00007ffcd6730000 - 0x00007ffcd6807000 	C:\WINDOWS\System32\OLEAUT32.dll
0x00007ffcaef70000 - 0x00007ffcaefa2000 	C:\WINDOWS\SYSTEM32\dbgcore.DLL
0x00007ffcd48f0000 - 0x00007ffcd4969000 	C:\WINDOWS\System32\bcryptPrimitives.dll
0x00007ffcafa30000 - 0x00007ffcafa4f000 	C:\Program Files\Java\jdk-21\bin\java.dll
0x00007ffcd5620000 - 0x00007ffcd5e7c000 	C:\WINDOWS\System32\SHELL32.dll
0x00007ffcd27e0000 - 0x00007ffcd30d6000 	C:\WINDOWS\SYSTEM32\windows.storage.dll
0x00007ffcd26a0000 - 0x00007ffcd27de000 	C:\WINDOWS\SYSTEM32\wintypes.dll
0x00007ffcd69a0000 - 0x00007ffcd6a95000 	C:\WINDOWS\System32\SHCORE.dll
0x00007ffcd64a0000 - 0x00007ffcd64fe000 	C:\WINDOWS\System32\shlwapi.dll
0x00007ffcd4820000 - 0x00007ffcd4841000 	C:\WINDOWS\SYSTEM32\profapi.dll
0x00007ffc936e0000 - 0x00007ffc937b7000 	C:\Program Files\Java\jdk-21\bin\jsvml.dll
0x00007ffcc0e30000 - 0x00007ffcc0e40000 	C:\Program Files\Java\jdk-21\bin\net.dll
0x00007ffcc78b0000 - 0x00007ffcc79e6000 	C:\WINDOWS\SYSTEM32\WINHTTP.dll
0x00007ffcd3d40000 - 0x00007ffcd3da9000 	C:\WINDOWS\system32\mswsock.dll
0x00007ffca6930000 - 0x00007ffca6946000 	C:\Program Files\Java\jdk-21\bin\nio.dll
0x00007ffca6910000 - 0x00007ffca6928000 	C:\Program Files\Java\jdk-21\bin\zip.dll
0x00007ffcc3c80000 - 0x00007ffcc3c90000 	C:\Program Files\Java\jdk-21\bin\verify.dll
0x00007ffcb7770000 - 0x00007ffcb7797000 	C:\Users\ASUS\.gradle\native\68d5fa5c4cc2d200863cafc0d521ce42e7d3e7ee720ec0a83991735586a16f82\windows-amd64\native-platform.dll
0x00007ffc9b7c0000 - 0x00007ffc9b904000 	C:\Users\ASUS\.gradle\native\e376f236ea51e6404a007f0833ffe2c6e607c4080706a723a18a27aeea778392\windows-amd64\native-platform-file-events.dll
0x00007ffca7660000 - 0x00007ffca766a000 	C:\Program Files\Java\jdk-21\bin\management.dll
0x00007ffca6be0000 - 0x00007ffca6beb000 	C:\Program Files\Java\jdk-21\bin\management_ext.dll
0x00007ffcd6eb0000 - 0x00007ffcd6eb8000 	C:\WINDOWS\System32\PSAPI.DLL
0x00007ffcd3f70000 - 0x00007ffcd3f8b000 	C:\WINDOWS\SYSTEM32\CRYPTSP.dll
0x00007ffcd3840000 - 0x00007ffcd3875000 	C:\WINDOWS\system32\rsaenh.dll
0x00007ffcd3e00000 - 0x00007ffcd3e28000 	C:\WINDOWS\SYSTEM32\USERENV.dll
0x00007ffcd3f60000 - 0x00007ffcd3f6c000 	C:\WINDOWS\SYSTEM32\CRYPTBASE.dll
0x00007ffcd33d0000 - 0x00007ffcd33fd000 	C:\WINDOWS\SYSTEM32\IPHLPAPI.DLL
0x00007ffcd6500000 - 0x00007ffcd6509000 	C:\WINDOWS\System32\NSI.dll
0x00007ffc976e0000 - 0x00007ffc976e7000 	C:\Program Files\Java\jdk-21\bin\extnet.dll
0x00007ffca4a20000 - 0x00007ffca4a2e000 	C:\Program Files\Java\jdk-21\bin\sunmscapi.dll
0x00007ffcd4b60000 - 0x00007ffcd4cc8000 	C:\WINDOWS\System32\CRYPT32.dll
0x00007ffcd41a0000 - 0x00007ffcd41ce000 	C:\WINDOWS\SYSTEM32\ncrypt.dll
0x00007ffcd4160000 - 0x00007ffcd4197000 	C:\WINDOWS\SYSTEM32\NTASN1.dll
0x00007ffca05c0000 - 0x00007ffca05c8000 	C:\WINDOWS\system32\wshunix.dll

dbghelp: loaded successfully - version: 4.0.5 - missing functions: none
symbol engine: initialized successfully - sym options: 0x614 - pdb path: .;C:\Program Files\Java\jdk-21\bin;C:\WINDOWS\SYSTEM32;C:\WINDOWS\WinSxS\amd64_microsoft.windows.common-controls_6595b64144ccf1df_6.0.22621.3527_none_270e469b73872a76;C:\Program Files\Java\jdk-21\bin\server;C:\Users\ASUS\.gradle\native\68d5fa5c4cc2d200863cafc0d521ce42e7d3e7ee720ec0a83991735586a16f82\windows-amd64;C:\Users\ASUS\.gradle\native\e376f236ea51e6404a007f0833ffe2c6e607c4080706a723a18a27aeea778392\windows-amd64

VM Arguments:
jvm_args: --add-opens=java.base/java.util=ALL-UNNAMED --add-opens=java.base/java.lang=ALL-UNNAMED --add-opens=java.base/java.lang.invoke=ALL-UNNAMED --add-opens=java.prefs/java.util.prefs=ALL-UNNAMED --add-opens=java.base/java.nio.charset=ALL-UNNAMED --add-opens=java.base/java.net=ALL-UNNAMED --add-opens=java.base/java.util.concurrent.atomic=ALL-UNNAMED -XX:MaxMetaspaceSize=384m -XX:+HeapDumpOnOutOfMemoryError -Xms256m -Xmx512m -Dfile.encoding=UTF-8 -Duser.country=US -Duser.language=en -Duser.variant 
java_command: org.gradle.launcher.daemon.bootstrap.GradleDaemon 8.0.2
java_class_path (initial): C:\Users\ASUS\.gradle\wrapper\dists\gradle-8.0.2-bin\25jlreiuz6u3xu2phlpa2vv4m\gradle-8.0.2\lib\gradle-launcher-8.0.2.jar
Launcher Type: SUN_STANDARD

[Global flags]
     intx CICompilerCount                          = 2                                         {product} {ergonomic}
   size_t CompressedClassSpaceSize                 = 335544320                                 {product} {ergonomic}
     uint ConcGCThreads                            = 1                                         {product} {ergonomic}
     uint G1ConcRefinementThreads                  = 2                                         {product} {ergonomic}
   size_t G1HeapRegionSize                         = 1048576                                   {product} {ergonomic}
    uintx GCDrainStackTargetSize                   = 64                                        {product} {ergonomic}
     bool HeapDumpOnOutOfMemoryError               = true                                   {manageable} {command line}
   size_t InitialHeapSize                          = 268435456                                 {product} {command line}
   size_t MarkStackSize                            = 4194304                                   {product} {ergonomic}
   size_t MaxHeapSize                              = 536870912                                 {product} {command line}
   size_t MaxMetaspaceSize                         = 402653184                                 {product} {command line}
   size_t MaxNewSize                               = 321912832                                 {product} {ergonomic}
   size_t MinHeapDeltaBytes                        = 1048576                                   {product} {ergonomic}
   size_t MinHeapSize                              = 268435456                                 {product} {command line}
    uintx NonNMethodCodeHeapSize                   = 5826188                                {pd product} {ergonomic}
    uintx NonProfiledCodeHeapSize                  = 122916026                              {pd product} {ergonomic}
    uintx ProfiledCodeHeapSize                     = 122916026                              {pd product} {ergonomic}
    uintx ReservedCodeCacheSize                    = 251658240                              {pd product} {ergonomic}
     bool SegmentedCodeCache                       = true                                      {product} {ergonomic}
   size_t SoftMaxHeapSize                          = 536870912                              {manageable} {ergonomic}
     bool UseCompressedOops                        = true                           {product lp64_product} {ergonomic}
     bool UseG1GC                                  = true                                      {product} {ergonomic}
     bool UseLargePagesIndividualAllocation        = false                                  {pd product} {ergonomic}

Logging:
Log output configuration:
 #0: stdout all=warning uptime,level,tags foldmultilines=false
 #1: stderr all=off uptime,level,tags foldmultilines=false

Environment Variables:
CLASSPATH=c:\Users\ASUS\.vscode\extensions\vscjava.vscode-gradle-3.13.5\lib\gradle-server.jar
PATH=C:\Program Files\Common Files\Oracle\Java\javapath;C:\WINDOWS\system32;C:\WINDOWS;C:\WINDOWS\System32\Wbem;C:\WINDOWS\System32\WindowsPowerShell\v1.0\;C:\WINDOWS\System32\OpenSSH\;C:\Program Files\Git\cmd;C:\msys64\mingw64\bin;C:\Users\ASUS\AppData\Local\Microsoft\WindowsApps;C:\Users\ASUS\AppData\Local\Programs\Microsoft VS Code\bin
USERNAME=ASUS
OS=Windows_NT
PROCESSOR_IDENTIFIER=Intel64 Family 6 Model 122 Stepping 8, GenuineIntel
TMP=C:\Users\ASUS\AppData\Local\Temp
TEMP=C:\Users\ASUS\AppData\Local\Temp




Periodic native trim disabled

---------------  S Y S T E M  ---------------

OS:
 Windows 11 , 64 bit Build 22621 (10.0.22621.3527)
OS uptime: 0 days 10:54 hours
Hyper-V role detected

CPU: total 2 (initial active 2) (2 cores per cpu, 1 threads per core) family 6 model 122 stepping 8 microcode 0x18, cx8, cmov, fxsr, mmx, 3dnowpref, sse, sse2, sse3, ssse3, sse4.1, sse4.2, popcnt, tsc, tscinvbit, aes, erms, clmul, sha, clflush, clflushopt, hv, rdtscp, rdpid
Processor Information for all 2 processors :
  Max Mhz: 1101, Current Mhz: 1101, Mhz Limit: 1101

Memory: 4k page, system-wide physical 3918M (227M free)
TotalPageFile size 8014M (AvailPageFile size 0M)
current process WorkingSet (physical memory assigned to process): 67M, peak: 340M
current process commit charge ("private bytes"): 482M, peak: 499M

vm_info: Java HotSpot(TM) 64-Bit Server VM (21.0.1+12-LTS-29) for windows-amd64 JRE (21.0.1+12-LTS-29), built on 2023-10-05T13:27:09Z by "mach5one" with MS VC++ 17.1 (VS2022)

END.
