#
# There is insufficient memory for the Java Runtime Environment to continue.
# Native memory allocation (mmap) failed to map 1015808 bytes for G1 virtual space
# Possible reasons:
#   The system is out of physical RAM or swap space
#   The process is running with CompressedOops enabled, and the Java Heap may be blocking the growth of the native heap
# Possible solutions:
#   Reduce memory load on the system
#   Increase physical memory or swap space
#   Check if swap backing store is full
#   Decrease Java heap size (-Xmx/-Xms)
#   Decrease number of Java threads
#   Decrease Java thread stack sizes (-Xss)
#   Set larger code cache with -XX:ReservedCodeCacheSize=
#   JVM is running with Unscaled Compressed Oops mode in which the Java heap is
#     placed in the first 4GB address space. The Java Heap base address is the
#     maximum limit for the native heap growth. Please use -XX:HeapBaseMinAddress
#     to set the Java Heap base and to place the Java Heap above 4GB virtual address.
# This output file may be truncated or incomplete.
#
#  Out of Memory Error (os_windows.cpp:3600), pid=13216, tid=11084
#
# JRE version:  (21.0.1+12) (build )
# Java VM: Java HotSpot(TM) 64-Bit Server VM (21.0.1+12-LTS-29, mixed mode, sharing, tiered, compressed oops, compressed class ptrs, g1 gc, windows-amd64)
# No core dump will be written. Minidumps are not enabled by default on client versions of Windows
#

---------------  S U M M A R Y ------------

Command Line: --module-path=C:\Users\ASUS\.gradle\caches\modules-2\files-2.1\org.openjfx\javafx-controls\21.0.1\f97557705aba7fb552fe1bf6e4bdb72bab1924ba\javafx-controls-21.0.1-win.jar;C:\Users\ASUS\.gradle\caches\modules-2\files-2.1\org.openjfx\javafx-graphics\21.0.1\f92cc4656711f2ce8b1928d3b063fd4746ea23e4\javafx-graphics-21.0.1-win.jar;C:\Users\ASUS\.gradle\caches\modules-2\files-2.1\org.openjfx\javafx-base\21.0.1\adb6ee2aa7dff77286a0673dd0c001e318e7224\javafx-base-21.0.1-win.jar --add-modules=javafx.controls -Dfile.encoding=UTF-8 -Duser.country=US -Duser.language=en -Duser.variant tp9.App

Host: Intel(R) Celeron(R) N4020 CPU @ 1.10GHz, 2 cores, 3G,  Windows 11 , 64 bit Build 22621 (10.0.22621.3527)
Time: Mon May 20 12:31:53 2024 Malay Peninsula Standard Time elapsed time: 0.027846 seconds (0d 0h 0m 0s)

---------------  T H R E A D  ---------------

Current thread (0x0000026caefcd7f0):  JavaThread "Unknown thread" [_thread_in_vm, id=11084, stack(0x000000f4a3f00000,0x000000f4a4000000) (1024K)]

Stack: [0x000000f4a3f00000,0x000000f4a4000000]
Native frames: (J=compiled Java code, j=interpreted, Vv=VM code, C=native code)
V  [jvm.dll+0x6c9029]
V  [jvm.dll+0x854b81]
V  [jvm.dll+0x856e5e]
V  [jvm.dll+0x857543]
V  [jvm.dll+0x280c06]
V  [jvm.dll+0x6c5715]
V  [jvm.dll+0x6ba10a]
V  [jvm.dll+0x3557ea]
V  [jvm.dll+0x35d436]
V  [jvm.dll+0x3ae1d3]
V  [jvm.dll+0x3ae468]
V  [jvm.dll+0x3291fc]
V  [jvm.dll+0x329d8b]
V  [jvm.dll+0x81d179]
V  [jvm.dll+0x3bb4f1]
V  [jvm.dll+0x805ae8]
V  [jvm.dll+0x44effe]
V  [jvm.dll+0x450901]
C  [jli.dll+0x52a3]
C  [ucrtbase.dll+0x29333]
C  [KERNEL32.DLL+0x1257d]
C  [ntdll.dll+0x5aa48]


---------------  P R O C E S S  ---------------

Threads class SMR info:
_java_thread_list=0x00007ffc4af59b88, length=0, elements={
}

Java Threads: ( => current thread )
Total: 0

Other Threads:
  0x0000026caefc06e0 WorkerThread "GC Thread#0"                     [id=13168, stack(0x000000f4a4000000,0x000000f4a4100000) (1024K)]
  0x0000026caf1ea480 ConcurrentGCThread "G1 Main Marker"            [id=8720, stack(0x000000f4a4100000,0x000000f4a4200000) (1024K)]
  0x0000026caefc11c0 WorkerThread "G1 Conc#0"                       [id=3364, stack(0x000000f4a4200000,0x000000f4a4300000) (1024K)]

[error occurred during error reporting (printing all threads), id 0xc0000005, EXCEPTION_ACCESS_VIOLATION (0xc0000005) at pc=0x00007ffc4a6cc2c7]
VM state: not at safepoint (not fully initialized)

VM Mutex/Monitor currently owned by a thread:  ([mutex/lock_event])
[0x00007ffc4afca6f8] Heap_lock - owner thread: 0x0000026caefcd7f0

Heap address: 0x00000000c2c00000, size: 980 MB, Compressed Oops mode: 32-bit

CDS archive(s) mapped at: [0x0000000000000000-0x0000000000000000-0x0000000000000000), size 0, SharedBaseAddress: 0x0000000800000000, ArchiveRelocationMode: 1.
Narrow klass base: 0x0000000000000000, Narrow klass shift: 0, Narrow klass range: 0x0

GC Precious Log:
 CardTable entry size: 512
 Card Set container configuration: InlinePtr #cards 5 size 8 Array Of Cards #cards 12 size 40 Howl #buckets 4 coarsen threshold 1843 Howl Bitmap #cards 512 size 80 coarsen threshold 460 Card regions per heap region 1 cards per card region 2048

Heap:
 garbage-first heap   total 0K, used 0K [0x00000000c2c00000, 0x0000000100000000)
  region size 1024K, 0 young (0K), 0 survivors (0K)

[error occurred during error reporting (printing heap information), id 0xc0000005, EXCEPTION_ACCESS_VIOLATION (0xc0000005) at pc=0x00007ffc4aab1be9]
GC Heap History (0 events):
No events

Dll operation events (1 events):
Event: 0.015 Loaded shared library C:\Program Files\Java\jdk-21\bin\java.dll

Deoptimization events (0 events):
No events

Classes loaded (0 events):
No events

Classes unloaded (0 events):
No events

Classes redefined (0 events):
No events

Internal exceptions (0 events):
No events

ZGC Phase Switch (0 events):
No events

VM Operations (0 events):
No events

Events (0 events):
No events


Dynamic libraries:
0x00007ff6d4a30000 - 0x00007ff6d4a40000 	C:\Program Files\Java\jdk-21\bin\java.exe
0x00007ffcd75d0000 - 0x00007ffcd77e7000 	C:\WINDOWS\SYSTEM32\ntdll.dll
0x00007ffcd63d0000 - 0x00007ffcd6494000 	C:\WINDOWS\System32\KERNEL32.DLL
0x00007ffcd4e30000 - 0x00007ffcd51d7000 	C:\WINDOWS\System32\KERNELBASE.dll
0x00007ffcd4a10000 - 0x00007ffcd4b21000 	C:\WINDOWS\System32\ucrtbase.dll
0x00007ffcc1020000 - 0x00007ffcc1039000 	C:\Program Files\Java\jdk-21\bin\jli.dll
0x00007ffcb72e0000 - 0x00007ffcb72fb000 	C:\Program Files\Java\jdk-21\bin\VCRUNTIME140.dll
0x00007ffcd5350000 - 0x00007ffcd5402000 	C:\WINDOWS\System32\ADVAPI32.dll
0x00007ffcd74e0000 - 0x00007ffcd7587000 	C:\WINDOWS\System32\msvcrt.dll
0x00007ffcd6ec0000 - 0x00007ffcd6f68000 	C:\WINDOWS\System32\sechost.dll
0x00007ffcd4b30000 - 0x00007ffcd4b58000 	C:\WINDOWS\System32\bcrypt.dll
0x00007ffcd6810000 - 0x00007ffcd6925000 	C:\WINDOWS\System32\RPCRT4.dll
0x00007ffcd6220000 - 0x00007ffcd63ce000 	C:\WINDOWS\System32\USER32.dll
0x00007ffcd4970000 - 0x00007ffcd4996000 	C:\WINDOWS\System32\win32u.dll
0x00007ffcd74b0000 - 0x00007ffcd74d9000 	C:\WINDOWS\System32\GDI32.dll
0x00007ffcd51e0000 - 0x00007ffcd52f9000 	C:\WINDOWS\System32\gdi32full.dll
0x00007ffcd4d90000 - 0x00007ffcd4e2a000 	C:\WINDOWS\System32\msvcp_win.dll
0x00007ffcc37f0000 - 0x00007ffcc3a83000 	C:\WINDOWS\WinSxS\amd64_microsoft.windows.common-controls_6595b64144ccf1df_6.0.22621.3527_none_270e469b73872a76\COMCTL32.dll
0x00007ffcc3d50000 - 0x00007ffcc3d5a000 	C:\WINDOWS\SYSTEM32\VERSION.dll
0x00007ffcd6f70000 - 0x00007ffcd6fa1000 	C:\WINDOWS\System32\IMM32.DLL
0x00007ffcc7d60000 - 0x00007ffcc7d6c000 	C:\Program Files\Java\jdk-21\bin\vcruntime140_1.dll
0x00007ffc93810000 - 0x00007ffc9389e000 	C:\Program Files\Java\jdk-21\bin\msvcp140.dll
0x00007ffc4a390000 - 0x00007ffc4b0a5000 	C:\Program Files\Java\jdk-21\bin\server\jvm.dll
0x00007ffcd7430000 - 0x00007ffcd74a1000 	C:\WINDOWS\System32\WS2_32.dll
0x00007ffcd4600000 - 0x00007ffcd464d000 	C:\WINDOWS\SYSTEM32\POWRPROF.dll
0x00007ffcc7c60000 - 0x00007ffcc7c94000 	C:\WINDOWS\SYSTEM32\WINMM.dll
0x00007ffcd45e0000 - 0x00007ffcd45f3000 	C:\WINDOWS\SYSTEM32\UMPDC.dll
0x00007ffcd3880000 - 0x00007ffcd3898000 	C:\WINDOWS\SYSTEM32\kernel.appcore.dll
0x00007ffcc20d0000 - 0x00007ffcc20da000 	C:\Program Files\Java\jdk-21\bin\jimage.dll
0x00007ffcd2160000 - 0x00007ffcd2392000 	C:\WINDOWS\SYSTEM32\DBGHELP.DLL
0x00007ffcd6b20000 - 0x00007ffcd6ea8000 	C:\WINDOWS\System32\combase.dll
0x00007ffcd6730000 - 0x00007ffcd6807000 	C:\WINDOWS\System32\OLEAUT32.dll
0x00007ffcaef70000 - 0x00007ffcaefa2000 	C:\WINDOWS\SYSTEM32\dbgcore.DLL
0x00007ffcd48f0000 - 0x00007ffcd4969000 	C:\WINDOWS\System32\bcryptPrimitives.dll
0x00007ffcafa30000 - 0x00007ffcafa4f000 	C:\Program Files\Java\jdk-21\bin\java.dll

dbghelp: loaded successfully - version: 4.0.5 - missing functions: none
symbol engine: initialized successfully - sym options: 0x614 - pdb path: .;C:\Program Files\Java\jdk-21\bin;C:\WINDOWS\SYSTEM32;C:\WINDOWS\WinSxS\amd64_microsoft.windows.common-controls_6595b64144ccf1df_6.0.22621.3527_none_270e469b73872a76;C:\Program Files\Java\jdk-21\bin\server

VM Arguments:
jvm_args: --module-path=C:\Users\ASUS\.gradle\caches\modules-2\files-2.1\org.openjfx\javafx-controls\21.0.1\f97557705aba7fb552fe1bf6e4bdb72bab1924ba\javafx-controls-21.0.1-win.jar;C:\Users\ASUS\.gradle\caches\modules-2\files-2.1\org.openjfx\javafx-graphics\21.0.1\f92cc4656711f2ce8b1928d3b063fd4746ea23e4\javafx-graphics-21.0.1-win.jar;C:\Users\ASUS\.gradle\caches\modules-2\files-2.1\org.openjfx\javafx-base\21.0.1\adb6ee2aa7dff77286a0673dd0c001e318e7224\javafx-base-21.0.1-win.jar --add-modules=javafx.controls -Dfile.encoding=UTF-8 -Duser.country=US -Duser.language=en -Duser.variant 
java_command: tp9.App
java_class_path (initial): D:\ISSENGI\Try\tp9\app\build\classes\java\main;D:\ISSENGI\Try\tp9\app\build\resources\main;C:\Users\ASUS\.gradle\caches\modules-2\files-2.1\com.google.guava\guava\31.1-jre\60458f877d055d0c9114d9e1a2efb737b4bc282c\guava-31.1-jre.jar;C:\Users\ASUS\.gradle\caches\modules-2\files-2.1\com.google.guava\failureaccess\1.0.1\1dcf1de382a0bf95a3d8b0849546c88bac1292c9\failureaccess-1.0.1.jar;C:\Users\ASUS\.gradle\caches\modules-2\files-2.1\com.google.guava\listenablefuture\9999.0-empty-to-avoid-conflict-with-guava\b421526c5f297295adef1c886e5246c39d4ac629\listenablefuture-9999.0-empty-to-avoid-conflict-with-guava.jar;C:\Users\ASUS\.gradle\caches\modules-2\files-2.1\com.google.code.findbugs\jsr305\3.0.2\25ea2e8b0c338a877313bd4672d3fe056ea78f0d\jsr305-3.0.2.jar;C:\Users\ASUS\.gradle\caches\modules-2\files-2.1\org.checkerframework\checker-qual\3.12.0\d5692f0526415fcc6de94bb5bfbd3afd9dd3b3e5\checker-qual-3.12.0.jar;C:\Users\ASUS\.gradle\caches\modules-2\files-2.1\com.google.errorprone\error_prone_annotations\2.11.0\c5a0ace696d3f8b1c1d8cc036d8c03cc0cbe6b69\error_prone_annotations-2.11.0.jar;C:\Users\ASUS\.gradle\caches\modules-2\files-2.1\com.google.j2objc\j2objc-annotations\1.3\ba035118bc8bac37d7eff77700720999acd9986d\j2objc-annotations-1.3.jar
Launcher Type: SUN_STANDARD

[Global flags]
     intx CICompilerCount                          = 2                                         {product} {ergonomic}
     uint ConcGCThreads                            = 1                                         {product} {ergonomic}
     uint G1ConcRefinementThreads                  = 2                                         {product} {ergonomic}
   size_t G1HeapRegionSize                         = 1048576                                   {product} {ergonomic}
    uintx GCDrainStackTargetSize                   = 64                                        {product} {ergonomic}
   size_t InitialHeapSize                          = 65011712                                  {product} {ergonomic}
   size_t MarkStackSize                            = 4194304                                   {product} {ergonomic}
   size_t MaxHeapSize                              = 1027604480                                {product} {ergonomic}
   size_t MinHeapDeltaBytes                        = 1048576                                   {product} {ergonomic}
   size_t MinHeapSize                              = 8388608                                   {product} {ergonomic}
    uintx NonNMethodCodeHeapSize                   = 5826188                                {pd product} {ergonomic}
    uintx NonProfiledCodeHeapSize                  = 122916026                              {pd product} {ergonomic}
    uintx ProfiledCodeHeapSize                     = 122916026                              {pd product} {ergonomic}
    uintx ReservedCodeCacheSize                    = 251658240                              {pd product} {ergonomic}
     bool SegmentedCodeCache                       = true                                      {product} {ergonomic}
   size_t SoftMaxHeapSize                          = 1027604480                             {manageable} {ergonomic}
     bool UseCompressedOops                        = true                           {product lp64_product} {ergonomic}
     bool UseG1GC                                  = true                                      {product} {ergonomic}
     bool UseLargePagesIndividualAllocation        = false                                  {pd product} {ergonomic}

Logging:
Log output configuration:
 #0: stdout all=warning uptime,level,tags foldmultilines=false
 #1: stderr all=off uptime,level,tags foldmultilines=false

Environment Variables:
CLASSPATH=D:\ISSENGI\Try\tp9\\gradle\wrapper\gradle-wrapper.jar
PATH=C:\Program Files\Common Files\Oracle\Java\javapath;C:\WINDOWS\system32;C:\WINDOWS;C:\WINDOWS\System32\Wbem;C:\WINDOWS\System32\WindowsPowerShell\v1.0\;C:\WINDOWS\System32\OpenSSH\;C:\Program Files\Git\cmd;C:\msys64\mingw64\bin;C:\Users\ASUS\AppData\Local\Microsoft\WindowsApps;C:\Users\ASUS\AppData\Local\Programs\Microsoft VS Code\bin
USERNAME=ASUS
LANG=en_US.UTF-8
OS=Windows_NT
PROCESSOR_IDENTIFIER=Intel64 Family 6 Model 122 Stepping 8, GenuineIntel
TMP=C:\Users\ASUS\AppData\Local\Temp
TEMP=C:\Users\ASUS\AppData\Local\Temp




Periodic native trim disabled

---------------  S Y S T E M  ---------------

OS:
 Windows 11 , 64 bit Build 22621 (10.0.22621.3527)
OS uptime: 0 days 10:25 hours
Hyper-V role detected

CPU: total 2 (initial active 2) (2 cores per cpu, 1 threads per core) family 6 model 122 stepping 8 microcode 0x18, cx8, cmov, fxsr, mmx, 3dnowpref, sse, sse2, sse3, ssse3, sse4.1, sse4.2, popcnt, tsc, tscinvbit, aes, erms, clmul, sha, clflush, clflushopt, hv, rdtscp, rdpid
Processor Information for all 2 processors :
  Max Mhz: 1101, Current Mhz: 1101, Mhz Limit: 1101

Memory: 4k page, system-wide physical 3918M (228M free)
TotalPageFile size 8014M (AvailPageFile size 6M)
current process WorkingSet (physical memory assigned to process): 11M, peak: 11M
current process commit charge ("private bytes"): 109M, peak: 110M

vm_info: Java HotSpot(TM) 64-Bit Server VM (21.0.1+12-LTS-29) for windows-amd64 JRE (21.0.1+12-LTS-29), built on 2023-10-05T13:27:09Z by "mach5one" with MS VC++ 17.1 (VS2022)

END.
